<?xml version="1.0" encoding="UTF-8"?>
<testsuites name="MMA Merchandising With Channel Wise Data Verification" time="1775" tests="4" failures="0" errors="0">
   <testsuite name="MMA Merchandising With Channel Wise Data Verification" tests="4" failures="0" errors="0" time="1775" timestamp="2018-11-16 18:32:12" hostname="Fahad Shah - DESKTOP-L12UUAD" id="Test Suites/MMA Merchandising With Channel Wise Data Verification">
      <properties>
         <property name="deviceName" value="samsung SM-J110H (Android 4.4.4)"/>
         <property name="devicePlatform" value=""/>
         <property name="logFolder" value="F:\\Git Projects\\Audit_Merchandising\\Audit_Merchandising\\Reports\\MMA Merchandising With Channel Wise Data Verification\\20181116_183209"/>
         <property name="logFiles" value="F:\\Git Projects\\Audit_Merchandising\\Audit_Merchandising\\Reports\\MMA Merchandising With Channel Wise Data Verification\\20181116_183209\\appium.log, F:\\Git Projects\\Audit_Merchandising\\Audit_Merchandising\\Reports\\MMA Merchandising With Channel Wise Data Verification\\20181116_183209\\execution0.log"/>
         <property name="attachments" value="F:\\Git Projects\\Audit_Merchandising\\Audit_Merchandising\\Reports\\MMA Merchandising With Channel Wise Data Verification\\20181116_183209\\1542375888136.png"/>
         <property name="hostName" value="Fahad Shah - DESKTOP-L12UUAD"/>
         <property name="os" value="Windows 10 64bit"/>
         <property name="katalonVersion" value="5.8.0.1"/>
         <property name="deviceOS" value="Android"/>
         <property name="appiumVersion" value="1.8.1"/>
         <property name="deviceModel" value="SM-J110H"/>
         <property name="hostAddress" value="192.168.3.221"/>
         <property name="deviceManufacturer" value="samsung"/>
         <property name="deviceId" value="11015a1136d0b24a"/>
         <property name="deviceName" value="samsung SM-J110H (Android 4.4.4)"/>
         <property name="deviceOSVersion" value="4.4.4"/>
      </properties>
      <testcase name="Test Cases/LaunchingApp/LaunchApp" classname="Test Cases/LaunchingApp/LaunchApp" status="PASSED">
         <system-out><![CDATA[2018-11-16 18:32:12 - [TEST_CASE][PASSED] - Test Cases/LaunchingApp/LaunchApp: Test Cases/LaunchingApp/LaunchApp

2018-11-16 18:32:13 - [TEST_STEP][PASSED] - startApplication: Started app at: 'F:\QA_Automation\Builds\non_mma_v150_081118.apk'

2018-11-16 18:32:34 - [MESSAGE][PASSED] - Started app at: 'F:\QA_Automation\Builds\non_mma_v150_081118.apk'

2018-11-16 18:32:34 - [TEST_STEP][PASSED] - delay: Delayed 5 second(s)

2018-11-16 18:32:39 - [MESSAGE][PASSED] - Delayed 5 second(s)]]></system-out>
         <system-err><![CDATA[]]></system-err>
      </testcase>
      <testcase name="Test Cases/SliderOptions/VisitSliderOptions" classname="Test Cases/SliderOptions/VisitSliderOptions" status="PASSED">
         <system-out><![CDATA[2018-11-16 18:32:39 - [TEST_CASE][PASSED] - Test Cases/SliderOptions/VisitSliderOptions: Test Cases/SliderOptions/VisitSliderOptions

2018-11-16 18:32:40 - [TEST_STEP][PASSED] - verifyElementText: Actual text and expected text of test object 'Object Repository/DashboardScreenElements/Validate_DashboardScreen' are matched.

2018-11-16 18:32:43 - [MESSAGE][PASSED] - Actual text and expected text of test object 'Object Repository/DashboardScreenElements/Validate_DashboardScreen' are matched.

2018-11-16 18:32:43 - [TEST_STEP][PASSED] - swipe: Swiped from 2,250 to 400,250

2018-11-16 18:32:44 - [MESSAGE][PASSED] - Swiped from 2,250 to 400,250

2018-11-16 18:32:44 - [TEST_STEP][PASSED] - swipe: Swiped from 2,250 to 400,250

2018-11-16 18:32:45 - [MESSAGE][PASSED] - Swiped from 2,250 to 400,250

2018-11-16 18:32:45 - [TEST_STEP][PASSED] - verifyElementExist: Element 'Object Repository/SliderOptions/Validate_SliderItemsScreen' is exist

2018-11-16 18:32:45 - [MESSAGE][WARNING] - Timeout '0' is invalid. Using default page load timeout: '7'

2018-11-16 18:32:45 - [MESSAGE][PASSED] - Element 'Object Repository/SliderOptions/Validate_SliderItemsScreen' is exist

2018-11-16 18:32:45 - [TEST_STEP][PASSED] - com.ct.qa.keywords.SliderOptionsKeywords.valideSliderOptions: com.ct.qa.keywords.SliderOptionsKeywords.valideSliderOptions is PASSED

2018-11-16 18:32:51 - [MESSAGE][PASSED] - Swiped from 0,255 to 0,200

2018-11-16 18:32:54 - [MESSAGE][PASSED] - Swiped from 0,284 to 0,200

2018-11-16 18:32:59 - [MESSAGE][PASSED] - Swiped from 0,284 to 0,200

2018-11-16 18:33:03 - [MESSAGE][PASSED] - Swiped from 0,284 to 0,200

2018-11-16 18:33:07 - [MESSAGE][PASSED] - Swiped from 0,284 to 0,200

2018-11-16 18:33:09 - [MESSAGE][PASSED] - com.ct.qa.keywords.SliderOptionsKeywords.valideSliderOptions is PASSED

2018-11-16 18:33:09 - [TEST_STEP][PASSED] - swipe: Swiped from 5,200 to 5,500

2018-11-16 18:33:09 - [MESSAGE][PASSED] - Swiped from 5,200 to 5,500

2018-11-16 18:33:09 - [TEST_STEP][PASSED] - swipe: Swiped from 5,200 to 5,500

2018-11-16 18:33:10 - [MESSAGE][PASSED] - Swiped from 5,200 to 5,500

2018-11-16 18:33:10 - [TEST_STEP][PASSED] - com.ct.qa.keywords.SliderOptionsKeywords.findSliderOption: com.ct.qa.keywords.SliderOptionsKeywords.findSliderOption is PASSED

2018-11-16 18:33:11 - [MESSAGE][PASSED] - Swiped from 5,200 to 5,500

2018-11-16 18:33:12 - [MESSAGE][PASSED] - Swiped from 5,200 to 5,500

2018-11-16 18:33:14 - [MESSAGE][WARNING] - Timeout '0' is invalid. Using default page load timeout: '7'

2018-11-16 18:33:16 - [MESSAGE][PASSED] - Element 'Object Repository/SliderOptions/UpdateProfile_EnterEmail' is exist

2018-11-16 18:33:16 - [MESSAGE][WARNING] - Timeout '0' is invalid. Using default page load timeout: '7'

2018-11-16 18:33:16 - [MESSAGE][PASSED] - Element 'Object Repository/SliderOptions/UpdateProfile_EnterPhone' is exist

2018-11-16 18:33:16 - [MESSAGE][WARNING] - Timeout '0' is invalid. Using default page load timeout: '7'

2018-11-16 18:33:16 - [MESSAGE][PASSED] - Element 'Object Repository/SliderOptions/UpdateProfile_EnterCNIC' is exist

2018-11-16 18:33:16 - [MESSAGE][PASSED] - Press back button successfully

2018-11-16 18:33:16 - [MESSAGE][WARNING] - Timeout '0' is invalid. Using default page load timeout: '7'

2018-11-16 18:33:17 - [MESSAGE][PASSED] - Element 'Object Repository/SliderOptions/Validate_SliderItemsScreen' is exist

2018-11-16 18:33:17 - [MESSAGE][PASSED] - com.ct.qa.keywords.SliderOptionsKeywords.findSliderOption is PASSED

2018-11-16 18:33:17 - [TEST_STEP][PASSED] - com.ct.qa.keywords.SliderOptionsKeywords.findSliderOption: com.ct.qa.keywords.SliderOptionsKeywords.findSliderOption is PASSED

2018-11-16 18:33:18 - [MESSAGE][PASSED] - Swiped from 5,200 to 5,500

2018-11-16 18:33:18 - [MESSAGE][PASSED] - Swiped from 5,200 to 5,500

2018-11-16 18:33:26 - [MESSAGE][PASSED] - Actual text and expected text of test object 'Object Repository/SliderOptions/Validate_OutOfRoute_RouteListScreen' are matched.

2018-11-16 18:33:28 - [MESSAGE][PASSED] - Actual text and expected text of test object 'Object Repository/SliderOptions/Validate_OutOfRoute_ShopOnRouteScreen' are matched.

2018-11-16 18:33:28 - [MESSAGE][PASSED] - Press back button successfully

2018-11-16 18:33:29 - [MESSAGE][PASSED] - Actual text and expected text of test object 'Object Repository/SliderOptions/Validate_OutOfRoute_RouteListScreen' are matched.

2018-11-16 18:33:29 - [MESSAGE][PASSED] - Press back button successfully

2018-11-16 18:33:29 - [MESSAGE][WARNING] - Timeout '0' is invalid. Using default page load timeout: '7'

2018-11-16 18:33:30 - [MESSAGE][PASSED] - Element 'Object Repository/SliderOptions/Validate_SliderItemsScreen' is exist

2018-11-16 18:33:30 - [MESSAGE][PASSED] - com.ct.qa.keywords.SliderOptionsKeywords.findSliderOption is PASSED

2018-11-16 18:33:30 - [TEST_STEP][PASSED] - com.ct.qa.keywords.SliderOptionsKeywords.findSliderOption: com.ct.qa.keywords.SliderOptionsKeywords.findSliderOption is PASSED

2018-11-16 18:33:30 - [MESSAGE][PASSED] - Swiped from 5,200 to 5,500

2018-11-16 18:33:31 - [MESSAGE][PASSED] - Swiped from 5,200 to 5,500

2018-11-16 18:33:36 - [MESSAGE][PASSED] - Swiped from 0,255 to 0,200

2018-11-16 18:33:39 - [MESSAGE][PASSED] - Swiped from 0,284 to 0,200

2018-11-16 18:33:44 - [MESSAGE][PASSED] - Actual text and expected text of test object 'Object Repository/SliderOptions/Validate_LoginCode' are matched.

2018-11-16 18:33:44 - [MESSAGE][PASSED] - Actual text and expected text of test object 'Object Repository/SliderOptions/Validate_LoginTime' are matched.

2018-11-16 18:33:44 - [MESSAGE][PASSED] - Actual text and expected text of test object 'Object Repository/SliderOptions/Validate_SyncAttempted' are matched.

2018-11-16 18:33:45 - [MESSAGE][PASSED] - Actual text and expected text of test object 'Object Repository/SliderOptions/Validate_SyncSuccessful' are matched.

2018-11-16 18:33:45 - [MESSAGE][PASSED] - Actual text and expected text of test object 'Object Repository/SliderOptions/Validate_RefreshRoutes' are matched.

2018-11-16 18:33:45 - [MESSAGE][PASSED] - Actual text and expected text of test object 'Object Repository/SliderOptions/Validate_BuildVersion' are matched.

2018-11-16 18:33:46 - [MESSAGE][PASSED] - Press back button successfully

2018-11-16 18:33:46 - [MESSAGE][WARNING] - Timeout '0' is invalid. Using default page load timeout: '7'

2018-11-16 18:33:47 - [MESSAGE][PASSED] - Element 'Object Repository/SliderOptions/Validate_SliderItemsScreen' is exist

2018-11-16 18:33:47 - [MESSAGE][PASSED] - com.ct.qa.keywords.SliderOptionsKeywords.findSliderOption is PASSED

2018-11-16 18:33:47 - [TEST_STEP][PASSED] - swipe: Swiped from 320,5 to 2,5

2018-11-16 18:33:47 - [MESSAGE][PASSED] - Swiped from 320,5 to 2,5

2018-11-16 18:33:48 - [TEST_STEP][PASSED] - swipe: Swiped from 320,5 to 2,5

2018-11-16 18:33:48 - [MESSAGE][PASSED] - Swiped from 320,5 to 2,5

2018-11-16 18:33:48 - [TEST_STEP][PASSED] - com.ct.qa.keywords.SliderOptionsKeywords.displayMissingSliderOptionsInReport: com.ct.qa.keywords.SliderOptionsKeywords.displayMissingSliderOptionsInReport is PASSED

2018-11-16 18:33:48 - [MESSAGE][PASSED] - com.ct.qa.keywords.SliderOptionsKeywords.displayMissingSliderOptionsInReport is PASSED]]></system-out>
         <system-err><![CDATA[]]></system-err>
      </testcase>
      <testcase name="Test Cases/DistributionPoint/VisitDistributionPoint" classname="Test Cases/DistributionPoint/VisitDistributionPoint" status="PASSED">
         <system-out><![CDATA[2018-11-16 18:33:48 - [TEST_CASE][PASSED] - Test Cases/DistributionPoint/VisitDistributionPoint: Test Cases/DistributionPoint/VisitDistributionPoint

2018-11-16 18:33:49 - [TEST_STEP][PASSED] - verifyElementText: Actual text and expected text of test object 'Object Repository/DashboardScreenElements/Validate_DashboardScreen' are matched.

2018-11-16 18:33:49 - [MESSAGE][PASSED] - Actual text and expected text of test object 'Object Repository/DashboardScreenElements/Validate_DashboardScreen' are matched.

2018-11-16 18:33:49 - [TEST_STEP][PASSED] - tap: Tapped on element 'Object Repository/DashboardScreenElements/StartYourDay'

2018-11-16 18:33:49 - [MESSAGE][WARNING] - Timeout '0' is invalid. Using default page load timeout: '7'

2018-11-16 18:33:51 - [MESSAGE][PASSED] - Tapped on element 'Object Repository/DashboardScreenElements/StartYourDay'

2018-11-16 18:33:51 - [TEST_STEP][PASSED] - delay: Delayed 15 second(s)

2018-11-16 18:34:06 - [MESSAGE][PASSED] - Delayed 15 second(s)

2018-11-16 18:34:06 - [TEST_STEP][PASSED] - verifyElementExist: Element 'Object Repository/CommonScreenElements/Validate_MapScreen' is exist

2018-11-16 18:34:06 - [MESSAGE][WARNING] - Timeout '0' is invalid. Using default page load timeout: '7'

2018-11-16 18:34:07 - [MESSAGE][PASSED] - Element 'Object Repository/CommonScreenElements/Validate_MapScreen' is exist

2018-11-16 18:34:07 - [TEST_STEP][PASSED] - tap: Tapped on element 'Object Repository/CommonScreenElements/Location_CheckIn'

2018-11-16 18:34:07 - [MESSAGE][WARNING] - Timeout '0' is invalid. Using default page load timeout: '7'

2018-11-16 18:34:07 - [MESSAGE][PASSED] - Tapped on element 'Object Repository/CommonScreenElements/Location_CheckIn'

2018-11-16 18:34:07 - [TEST_STEP][PASSED] - verifyElementExist: Element 'Object Repository/CommonScreenElements/Validate_InfoPopUP' is exist

2018-11-16 18:34:07 - [MESSAGE][WARNING] - Timeout '0' is invalid. Using default page load timeout: '7'

2018-11-16 18:34:08 - [MESSAGE][PASSED] - Element 'Object Repository/CommonScreenElements/Validate_InfoPopUP' is exist

2018-11-16 18:34:08 - [TEST_STEP][PASSED] - tap: Tapped on element 'Object Repository/CommonScreenElements/InfoPopUp_NoButton'

2018-11-16 18:34:08 - [MESSAGE][WARNING] - Timeout '0' is invalid. Using default page load timeout: '7'

2018-11-16 18:34:09 - [MESSAGE][PASSED] - Tapped on element 'Object Repository/CommonScreenElements/InfoPopUp_NoButton'

2018-11-16 18:34:09 - [TEST_STEP][PASSED] - verifyElementText: Actual text and expected text of test object 'Object Repository/DistributionPoint/Validate_RouteInfoScreen' are matched.

2018-11-16 18:34:10 - [MESSAGE][PASSED] - Actual text and expected text of test object 'Object Repository/DistributionPoint/Validate_RouteInfoScreen' are matched.

2018-11-16 18:34:10 - [TEST_STEP][PASSED] - tap: Tapped on element 'Object Repository/DistributionPoint/RouteInfoNextButton'

2018-11-16 18:34:10 - [MESSAGE][WARNING] - Timeout '0' is invalid. Using default page load timeout: '7'

2018-11-16 18:34:11 - [MESSAGE][PASSED] - Tapped on element 'Object Repository/DistributionPoint/RouteInfoNextButton'

2018-11-16 18:34:11 - [TEST_STEP][PASSED] - verifyElementText: Actual text and expected text of test object 'Object Repository/DistributionPoint/Validate_DistributionPointScreen' are matched.

2018-11-16 18:34:13 - [MESSAGE][PASSED] - Actual text and expected text of test object 'Object Repository/DistributionPoint/Validate_DistributionPointScreen' are matched.

2018-11-16 18:34:13 - [TEST_STEP][PASSED] - com.ct.qa.keywords.DistributionPointKeywords.visitdistributionPoint: com.ct.qa.keywords.DistributionPointKeywords.visitdistributionPoint is PASSED

2018-11-16 18:34:16 - [MESSAGE][PASSED] - Keyboard is hidden

2018-11-16 18:34:18 - [MESSAGE][PASSED] - Keyboard is hidden

2018-11-16 18:34:21 - [MESSAGE][PASSED] - Keyboard is hidden

2018-11-16 18:34:24 - [MESSAGE][PASSED] - Keyboard is hidden

2018-11-16 18:34:24 - [MESSAGE][PASSED] - com.ct.qa.keywords.DistributionPointKeywords.visitdistributionPoint is PASSED

2018-11-16 18:34:24 - [TEST_STEP][PASSED] - tap: Tapped on element 'Object Repository/DistributionPoint/DistributionPoint_SubmitButton'

2018-11-16 18:34:24 - [MESSAGE][WARNING] - Timeout '0' is invalid. Using default page load timeout: '7'

2018-11-16 18:34:25 - [MESSAGE][PASSED] - Tapped on element 'Object Repository/DistributionPoint/DistributionPoint_SubmitButton'

2018-11-16 18:34:25 - [TEST_STEP][PASSED] - verifyElementText: Actual text and expected text of test object 'Object Repository/DashboardScreenElements/Validate_DashboardScreen' are matched.

2018-11-16 18:34:26 - [MESSAGE][PASSED] - Actual text and expected text of test object 'Object Repository/DashboardScreenElements/Validate_DashboardScreen' are matched.]]></system-out>
         <system-err><![CDATA[]]></system-err>
      </testcase>
      <testcase name="Test Cases/VisitShopScenarios/VisitShopsWithDataVerification" classname="Test Cases/VisitShopScenarios/VisitShopsWithDataVerification" status="PASSED">
         <system-out><![CDATA[2018-11-16 18:34:26 - [TEST_CASE][PASSED] - Test Cases/VisitShopScenarios/VisitShopsWithDataVerification: Test Cases/VisitShopScenarios/VisitShopsWithDataVerification

2018-11-16 18:34:26 - [TEST_STEP][PASSED] - verifyElementText: Actual text and expected text of test object 'Object Repository/DashboardScreenElements/Validate_DashboardScreen' are matched.

2018-11-16 18:34:27 - [MESSAGE][PASSED] - Actual text and expected text of test object 'Object Repository/DashboardScreenElements/Validate_DashboardScreen' are matched.

2018-11-16 18:34:27 - [TEST_STEP][PASSED] - tap: Tapped on element 'Object Repository/DashboardScreenElements/StartYourDay'

2018-11-16 18:34:27 - [MESSAGE][WARNING] - Timeout '0' is invalid. Using default page load timeout: '7'

2018-11-16 18:34:27 - [MESSAGE][PASSED] - Tapped on element 'Object Repository/DashboardScreenElements/StartYourDay'

2018-11-16 18:34:27 - [TEST_STEP][PASSED] - verifyElementText: Actual text and expected text of test object 'Object Repository/Validate_ShopListScreen' are matched.

2018-11-16 18:34:29 - [MESSAGE][PASSED] - Actual text and expected text of test object 'Object Repository/Validate_ShopListScreen' are matched.

2018-11-16 18:34:29 - [TEST_STEP][PASSED] - com.ct.qa.keywords.ShopVisitingScenariosKeywords.visitShopWith_DataVerification: com.ct.qa.keywords.ShopVisitingScenariosKeywords.visitShopWith_DataVerification is PASSED

2018-11-16 18:34:32 - [MESSAGE][PASSED] - Actual text and expected text of test object 'Object Repository/Validate_ShopOptionsScreen' are matched.

2018-11-16 18:34:32 - [MESSAGE][WARNING] - Timeout '0' is invalid. Using default page load timeout: '7'

2018-11-16 18:34:32 - [MESSAGE][PASSED] - Tapped on element 'Object Repository/ShopOptions_Audit'

2018-11-16 18:34:47 - [MESSAGE][PASSED] - Delayed 15 second(s)

2018-11-16 18:34:48 - [MESSAGE][PASSED] - Element 'Object Repository/CommonScreenElements/Validate_MapScreen' is exist

2018-11-16 18:34:48 - [MESSAGE][WARNING] - Timeout '0' is invalid. Using default page load timeout: '7'

2018-11-16 18:34:49 - [MESSAGE][PASSED] - Tapped on element 'Object Repository/CommonScreenElements/Location_CheckIn'

2018-11-16 18:34:49 - [MESSAGE][WARNING] - Timeout '0' is invalid. Using default page load timeout: '7'

2018-11-16 18:34:50 - [MESSAGE][PASSED] - Element 'Object Repository/CommonScreenElements/Validate_InfoPopUP' is exist

2018-11-16 18:34:50 - [MESSAGE][WARNING] - Timeout '0' is invalid. Using default page load timeout: '7'

2018-11-16 18:34:51 - [MESSAGE][PASSED] - Tapped on element 'Object Repository/CommonScreenElements/InfoPopUp_NoButton'

2018-11-16 18:34:51 - [TEST_CASE][PASSED] - Test Cases/ShopOpen/VisitShopOpen: Test Cases/ShopOpen/VisitShopOpen

2018-11-16 18:34:51 - [TEST_STEP][PASSED] - verifyElementExist: Element 'Object Repository/ShopActions_List' is exist

2018-11-16 18:34:51 - [MESSAGE][WARNING] - Timeout '0' is invalid. Using default page load timeout: '7'

2018-11-16 18:34:51 - [MESSAGE][PASSED] - Element 'Object Repository/ShopActions_List' is exist

2018-11-16 18:34:51 - [TEST_STEP][PASSED] - tap: Tapped on element 'Object Repository/ShopOpen/ShopOpen'

2018-11-16 18:34:51 - [MESSAGE][WARNING] - Timeout '0' is invalid. Using default page load timeout: '7'

2018-11-16 18:34:53 - [MESSAGE][PASSED] - Tapped on element 'Object Repository/ShopOpen/ShopOpen'

2018-11-16 18:34:53 - [TEST_STEP][PASSED] - verifyElementExist: Element 'Object Repository/CommonScreenElements/Validate_CameraScreen' is exist

2018-11-16 18:34:53 - [MESSAGE][WARNING] - Timeout '0' is invalid. Using default page load timeout: '7'

2018-11-16 18:34:55 - [MESSAGE][PASSED] - Element 'Object Repository/CommonScreenElements/Validate_CameraScreen' is exist

2018-11-16 18:34:55 - [TEST_STEP][PASSED] - tap: Tapped on element 'Object Repository/CommonScreenElements/TakePictureButton'

2018-11-16 18:34:55 - [MESSAGE][WARNING] - Timeout '0' is invalid. Using default page load timeout: '7'

2018-11-16 18:34:58 - [MESSAGE][PASSED] - Tapped on element 'Object Repository/CommonScreenElements/TakePictureButton'

2018-11-16 18:34:58 - [TEST_STEP][PASSED] - delay: Delayed 5 second(s)

2018-11-16 18:35:03 - [MESSAGE][PASSED] - Delayed 5 second(s)

2018-11-16 18:35:03 - [TEST_STEP][PASSED] - tap: Tapped on element 'Object Repository/CommonScreenElements/DoneButton'

2018-11-16 18:35:03 - [MESSAGE][WARNING] - Timeout '0' is invalid. Using default page load timeout: '7'

2018-11-16 18:35:04 - [MESSAGE][PASSED] - Tapped on element 'Object Repository/CommonScreenElements/DoneButton'

2018-11-16 18:35:04 - [MESSAGE][PASSED] - Call Test Case 'Test Cases/ShopOpen/VisitShopOpen' successfully

2018-11-16 18:35:04 - [TEST_CASE][PASSED] - Test Cases/ShopOpen/VisitCategoryScenarios/VisitShopCategoriesWithDataVerification: Test Cases/ShopOpen/VisitCategoryScenarios/VisitShopCategoriesWithDataVerification

2018-11-16 18:35:04 - [TEST_STEP][PASSED] - verifyElementExist: Element 'Object Repository/ShopOpen/Validate_ShopCategoriesListScreen' is exist

2018-11-16 18:35:04 - [MESSAGE][WARNING] - Timeout '0' is invalid. Using default page load timeout: '7'

2018-11-16 18:35:06 - [MESSAGE][PASSED] - Element 'Object Repository/ShopOpen/Validate_ShopCategoriesListScreen' is exist

2018-11-16 18:35:06 - [TEST_STEP][PASSED] - com.ct.qa.keywords.CategoryVisitingScenariosKeywords.visitShopCategoriesWithDataVerification: com.ct.qa.keywords.CategoryVisitingScenariosKeywords.visitShopCategoriesWithDataVerification is PASSED

2018-11-16 18:35:10 - [MESSAGE][PASSED] - Swiped from 0,293 to 0,200

2018-11-16 18:35:14 - [MESSAGE][PASSED] - Swiped from 0,293 to 0,200

2018-11-16 18:35:17 - [MESSAGE][PASSED] - Swiped from 0,293 to 0,200

2018-11-16 18:35:20 - [MESSAGE][PASSED] - Swiped from 0,293 to 0,200

2018-11-16 18:35:24 - [MESSAGE][PASSED] - Swiped from 0,293 to 0,200

2018-11-16 18:35:27 - [MESSAGE][PASSED] - Swiped from 0,293 to 0,200

2018-11-16 18:35:30 - [MESSAGE][PASSED] - Swiped from 0,200 to 0,750

2018-11-16 18:35:30 - [MESSAGE][PASSED] - Swiped from 0,200 to 0,750

2018-11-16 18:35:33 - [MESSAGE][WARNING] - Timeout '0' is invalid. Using default page load timeout: '7'

2018-11-16 18:35:34 - [MESSAGE][PASSED] - Element 'Object Repository/CommonScreenElements/Validate_CameraScreen' is exist

2018-11-16 18:35:34 - [MESSAGE][WARNING] - Timeout '0' is invalid. Using default page load timeout: '7'

2018-11-16 18:35:37 - [MESSAGE][PASSED] - Tapped on element 'Object Repository/CommonScreenElements/TakePictureButton'

2018-11-16 18:35:42 - [MESSAGE][PASSED] - Delayed 5 second(s)

2018-11-16 18:35:42 - [MESSAGE][WARNING] - Timeout '0' is invalid. Using default page load timeout: '7'

2018-11-16 18:35:43 - [MESSAGE][PASSED] - Tapped on element 'Object Repository/CommonScreenElements/DoneButton'

2018-11-16 18:35:43 - [TEST_CASE][PASSED] - Test Cases/ShopOpen/Chiller/VisitChillerWithChillerNotAllocated: Test Cases/ShopOpen/Chiller/VisitChillerWithChillerNotAllocated

2018-11-16 18:35:44 - [TEST_STEP][PASSED] - verifyElementText: Actual text and expected text of test object 'Object Repository/ShopOpen/Chiller/Validate_ChillerScreen' are matched.

2018-11-16 18:35:45 - [MESSAGE][PASSED] - Actual text and expected text of test object 'Object Repository/ShopOpen/Chiller/Validate_ChillerScreen' are matched.

2018-11-16 18:35:45 - [TEST_STEP][PASSED] - tap: Tapped on element 'Object Repository/ShopOpen/Chiller/ChillerNotAllocated'

2018-11-16 18:35:45 - [MESSAGE][WARNING] - Timeout '0' is invalid. Using default page load timeout: '7'

2018-11-16 18:35:45 - [MESSAGE][PASSED] - Tapped on element 'Object Repository/ShopOpen/Chiller/ChillerNotAllocated'

2018-11-16 18:35:45 - [TEST_STEP][PASSED] - verifyElementText: Actual text and expected text of test object 'Object Repository/ShopOpen/Chiller/Validate_ChillerNotAllocatedProductCategoryScreen' are matched.

2018-11-16 18:35:47 - [MESSAGE][PASSED] - Actual text and expected text of test object 'Object Repository/ShopOpen/Chiller/Validate_ChillerNotAllocatedProductCategoryScreen' are matched.

2018-11-16 18:35:47 - [TEST_STEP][PASSED] - com.ct.qa.keywords.ChannelProductsDataKeywords.visitChillerNotAllocatedProductCategories: com.ct.qa.keywords.ChannelProductsDataKeywords.visitChillerNotAllocatedProductCategories is PASSED

2018-11-16 18:35:48 - [TEST_CASE][PASSED] - Test Cases/ShopOpen/Chiller/VisitProductCategoryAssets: Test Cases/ShopOpen/Chiller/VisitProductCategoryAssets

2018-11-16 18:35:48 - [TEST_STEP][PASSED] - verifyElementText: Actual text and expected text of test object 'Object Repository/ShopOpen/Chiller/Validate_ProductCategoryAssetsScreen' are matched.

2018-11-16 18:35:50 - [MESSAGE][PASSED] - Actual text and expected text of test object 'Object Repository/ShopOpen/Chiller/Validate_ProductCategoryAssetsScreen' are matched.

2018-11-16 18:35:50 - [TEST_STEP][PASSED] - tap: Tapped on element 'Object Repository/ShopOpen/Chiller/Facing'

2018-11-16 18:35:50 - [MESSAGE][WARNING] - Timeout '0' is invalid. Using default page load timeout: '7'

2018-11-16 18:35:50 - [MESSAGE][PASSED] - Tapped on element 'Object Repository/ShopOpen/Chiller/Facing'

2018-11-16 18:35:50 - [TEST_STEP][PASSED] - verifyElementText: Actual text and expected text of test object 'Object Repository/ShopOpen/Chiller/Validate_FacingScreen' are matched.

2018-11-16 18:35:52 - [MESSAGE][PASSED] - Actual text and expected text of test object 'Object Repository/ShopOpen/Chiller/Validate_FacingScreen' are matched.

2018-11-16 18:35:52 - [TEST_STEP][PASSED] - com.ct.qa.keywords.ChannelProductsDataKeywords.visitChannelWiseProductsData: com.ct.qa.keywords.ChannelProductsDataKeywords.visitChannelWiseProductsData is PASSED

2018-11-16 18:35:56 - [MESSAGE][PASSED] - Keyboard is hidden

2018-11-16 18:35:59 - [MESSAGE][PASSED] - Keyboard is hidden

2018-11-16 18:36:00 - [MESSAGE][PASSED] - com.ct.qa.keywords.ChannelProductsDataKeywords.visitChannelWiseProductsData is PASSED

2018-11-16 18:36:00 - [TEST_STEP][PASSED] - tap: Tapped on element 'Object Repository/ShopOpen/Chiller/SubmitButton'

2018-11-16 18:36:00 - [MESSAGE][WARNING] - Timeout '0' is invalid. Using default page load timeout: '7'

2018-11-16 18:36:00 - [MESSAGE][PASSED] - Tapped on element 'Object Repository/ShopOpen/Chiller/SubmitButton'

2018-11-16 18:36:00 - [TEST_STEP][PASSED] - verifyElementText: Actual text and expected text of test object 'Object Repository/ShopOpen/Chiller/Validate_ProductCategoryAssetsScreen' are matched.

2018-11-16 18:36:01 - [MESSAGE][PASSED] - Actual text and expected text of test object 'Object Repository/ShopOpen/Chiller/Validate_ProductCategoryAssetsScreen' are matched.

2018-11-16 18:36:01 - [TEST_STEP][PASSED] - tap: Tapped on element 'Object Repository/ShopOpen/Chiller/StockTaking'

2018-11-16 18:36:01 - [MESSAGE][WARNING] - Timeout '0' is invalid. Using default page load timeout: '7'

2018-11-16 18:36:02 - [MESSAGE][PASSED] - Tapped on element 'Object Repository/ShopOpen/Chiller/StockTaking'

2018-11-16 18:36:02 - [TEST_STEP][PASSED] - verifyElementText: Actual text and expected text of test object 'Object Repository/ShopOpen/Chiller/Validate_StockTakingScreen' are matched.

2018-11-16 18:36:04 - [MESSAGE][PASSED] - Actual text and expected text of test object 'Object Repository/ShopOpen/Chiller/Validate_StockTakingScreen' are matched.

2018-11-16 18:36:04 - [TEST_STEP][PASSED] - com.ct.qa.keywords.ChannelProductsDataKeywords.visitChannelWiseProductsData: com.ct.qa.keywords.ChannelProductsDataKeywords.visitChannelWiseProductsData is PASSED

2018-11-16 18:36:07 - [MESSAGE][PASSED] - Keyboard is hidden

2018-11-16 18:36:10 - [MESSAGE][PASSED] - Keyboard is hidden

2018-11-16 18:36:11 - [MESSAGE][PASSED] - com.ct.qa.keywords.ChannelProductsDataKeywords.visitChannelWiseProductsData is PASSED

2018-11-16 18:36:11 - [TEST_STEP][PASSED] - tap: Tapped on element 'Object Repository/ShopOpen/Chiller/SubmitButton'

2018-11-16 18:36:11 - [MESSAGE][WARNING] - Timeout '0' is invalid. Using default page load timeout: '7'

2018-11-16 18:36:11 - [MESSAGE][PASSED] - Tapped on element 'Object Repository/ShopOpen/Chiller/SubmitButton'

2018-11-16 18:36:11 - [TEST_STEP][PASSED] - verifyElementText: Actual text and expected text of test object 'Object Repository/ShopOpen/Chiller/Validate_ProductCategoryAssetsScreen' are matched.

2018-11-16 18:36:12 - [MESSAGE][PASSED] - Actual text and expected text of test object 'Object Repository/ShopOpen/Chiller/Validate_ProductCategoryAssetsScreen' are matched.

2018-11-16 18:36:12 - [TEST_STEP][PASSED] - tap: Tapped on element 'Object Repository/ShopOpen/Chiller/ChillerNotAllocatedProductCategory_BackButton'

2018-11-16 18:36:12 - [MESSAGE][WARNING] - Timeout '0' is invalid. Using default page load timeout: '7'

2018-11-16 18:36:13 - [MESSAGE][PASSED] - Tapped on element 'Object Repository/ShopOpen/Chiller/ChillerNotAllocatedProductCategory_BackButton'

2018-11-16 18:36:13 - [MESSAGE][PASSED] - Call Test Case 'Test Cases/ShopOpen/Chiller/VisitProductCategoryAssets' successfully

2018-11-16 18:36:14 - [MESSAGE][PASSED] - Actual text and expected text of test object 'Object Repository/ShopOpen/Chiller/Validate_ChillerNotAllocatedProductCategoryScreen' are matched.

2018-11-16 18:36:14 - [MESSAGE][PASSED] - com.ct.qa.keywords.ChannelProductsDataKeywords.visitChillerNotAllocatedProductCategories is PASSED

2018-11-16 18:36:14 - [TEST_STEP][PASSED] - verifyElementText: Actual text and expected text of test object 'Object Repository/ShopOpen/Chiller/Validate_ChillerNotAllocatedProductCategoryScreen' are matched.

2018-11-16 18:36:14 - [MESSAGE][PASSED] - Actual text and expected text of test object 'Object Repository/ShopOpen/Chiller/Validate_ChillerNotAllocatedProductCategoryScreen' are matched.

2018-11-16 18:36:14 - [TEST_STEP][PASSED] - com.ct.qa.keywords.CommonKeywords.visitPlanogramImageViewButton: com.ct.qa.keywords.CommonKeywords.visitPlanogramImageViewButton is PASSED

2018-11-16 18:36:15 - [MESSAGE][PASSED] - com.ct.qa.keywords.CommonKeywords.visitPlanogramImageViewButton is PASSED

2018-11-16 18:36:15 - [TEST_STEP][PASSED] - verifyElementText: Actual text and expected text of test object 'Object Repository/ShopOpen/Chiller/Validate_ChillerNotAllocatedProductCategoryScreen' are matched.

2018-11-16 18:36:15 - [MESSAGE][PASSED] - Actual text and expected text of test object 'Object Repository/ShopOpen/Chiller/Validate_ChillerNotAllocatedProductCategoryScreen' are matched.

2018-11-16 18:36:15 - [TEST_STEP][PASSED] - com.ct.qa.keywords.CommonKeywords.visitPictureImageViewButton: com.ct.qa.keywords.CommonKeywords.visitPictureImageViewButton is PASSED

2018-11-16 18:36:15 - [MESSAGE][PASSED] - com.ct.qa.keywords.CommonKeywords.visitPictureImageViewButton is PASSED

2018-11-16 18:36:15 - [TEST_STEP][PASSED] - verifyElementText: Actual text and expected text of test object 'Object Repository/ShopOpen/Chiller/Validate_ChillerNotAllocatedProductCategoryScreen' are matched.

2018-11-16 18:36:16 - [MESSAGE][PASSED] - Actual text and expected text of test object 'Object Repository/ShopOpen/Chiller/Validate_ChillerNotAllocatedProductCategoryScreen' are matched.

2018-11-16 18:36:16 - [TEST_STEP][PASSED] - com.ct.qa.keywords.CommonKeywords.visitBackImageViewButton: com.ct.qa.keywords.CommonKeywords.visitBackImageViewButton is PASSED

2018-11-16 18:36:16 - [MESSAGE][PASSED] - com.ct.qa.keywords.CommonKeywords.visitBackImageViewButton is PASSED

2018-11-16 18:36:16 - [TEST_STEP][PASSED] - verifyElementExist: Element 'Object Repository/ShopOpen/Validate_ShopCategoriesListScreen' is exist

2018-11-16 18:36:16 - [MESSAGE][WARNING] - Timeout '0' is invalid. Using default page load timeout: '7'

2018-11-16 18:36:18 - [MESSAGE][PASSED] - Element 'Object Repository/ShopOpen/Validate_ShopCategoriesListScreen' is exist

2018-11-16 18:36:18 - [MESSAGE][PASSED] - Call Test Case 'Test Cases/ShopOpen/Chiller/VisitChillerWithChillerNotAllocated' successfully

2018-11-16 18:36:18 - [MESSAGE][WARNING] - Timeout '0' is invalid. Using default page load timeout: '7'

2018-11-16 18:36:18 - [MESSAGE][PASSED] - Element 'Object Repository/ShopOpen/Validate_ShopCategoriesListScreen' is exist

2018-11-16 18:36:20 - [MESSAGE][WARNING] - Timeout '0' is invalid. Using default page load timeout: '7'

2018-11-16 18:36:21 - [MESSAGE][PASSED] - Element 'Object Repository/CommonScreenElements/Validate_CameraScreen' is exist

2018-11-16 18:36:21 - [MESSAGE][WARNING] - Timeout '0' is invalid. Using default page load timeout: '7'

2018-11-16 18:36:25 - [MESSAGE][PASSED] - Tapped on element 'Object Repository/CommonScreenElements/TakePictureButton'

2018-11-16 18:36:30 - [MESSAGE][PASSED] - Delayed 5 second(s)

2018-11-16 18:36:30 - [MESSAGE][WARNING] - Timeout '0' is invalid. Using default page load timeout: '7'

2018-11-16 18:36:30 - [MESSAGE][PASSED] - Tapped on element 'Object Repository/CommonScreenElements/DoneButton'

2018-11-16 18:36:30 - [TEST_CASE][PASSED] - Test Cases/ShopOpen/RemainingCategories/VisitRemainingCategoriesWithDSA: Test Cases/ShopOpen/RemainingCategories/VisitRemainingCategoriesWithDSA

2018-11-16 18:36:31 - [TEST_STEP][PASSED] - verifyElementText: Actual text and expected text of test object 'Object Repository/ShopOpen/RemainingCategories/Validate_MainCategoryDetailScreen' are matched.

2018-11-16 18:36:33 - [MESSAGE][PASSED] - Actual text and expected text of test object 'Object Repository/ShopOpen/RemainingCategories/Validate_MainCategoryDetailScreen' are matched.

2018-11-16 18:36:33 - [TEST_STEP][PASSED] - tap: Tapped on element 'Object Repository/ShopOpen/RemainingCategories/DisplaySpaceAvailable'

2018-11-16 18:36:33 - [MESSAGE][WARNING] - Timeout '0' is invalid. Using default page load timeout: '7'

2018-11-16 18:36:33 - [MESSAGE][PASSED] - Tapped on element 'Object Repository/ShopOpen/RemainingCategories/DisplaySpaceAvailable'

2018-11-16 18:36:33 - [TEST_STEP][PASSED] - verifyElementText: Actual text and expected text of test object 'Object Repository/ShopOpen/RemainingCategories/Validate_ProductCategoryAssetScreen' are matched.

2018-11-16 18:36:35 - [MESSAGE][PASSED] - Actual text and expected text of test object 'Object Repository/ShopOpen/RemainingCategories/Validate_ProductCategoryAssetScreen' are matched.

2018-11-16 18:36:35 - [TEST_STEP][PASSED] - tap: Tapped on element 'Object Repository/ShopOpen/RemainingCategories/Facing'

2018-11-16 18:36:35 - [MESSAGE][WARNING] - Timeout '0' is invalid. Using default page load timeout: '7'

2018-11-16 18:36:35 - [MESSAGE][PASSED] - Tapped on element 'Object Repository/ShopOpen/RemainingCategories/Facing'

2018-11-16 18:36:35 - [TEST_STEP][PASSED] - verifyElementText: Actual text and expected text of test object 'Object Repository/ShopOpen/RemainingCategories/Validate_FacingScreen' are matched.

2018-11-16 18:36:37 - [MESSAGE][PASSED] - Actual text and expected text of test object 'Object Repository/ShopOpen/RemainingCategories/Validate_FacingScreen' are matched.

2018-11-16 18:36:37 - [TEST_STEP][PASSED] - com.ct.qa.keywords.ChannelProductsDataKeywords.visitChannelWiseProductsData: com.ct.qa.keywords.ChannelProductsDataKeywords.visitChannelWiseProductsData is PASSED

2018-11-16 18:36:40 - [MESSAGE][PASSED] - Keyboard is hidden

2018-11-16 18:36:41 - [MESSAGE][PASSED] - com.ct.qa.keywords.ChannelProductsDataKeywords.visitChannelWiseProductsData is PASSED

2018-11-16 18:36:41 - [TEST_STEP][PASSED] - tap: Tapped on element 'Object Repository/ShopOpen/RemainingCategories/SubmitButton'

2018-11-16 18:36:41 - [MESSAGE][WARNING] - Timeout '0' is invalid. Using default page load timeout: '7'

2018-11-16 18:36:41 - [MESSAGE][PASSED] - Tapped on element 'Object Repository/ShopOpen/RemainingCategories/SubmitButton'

2018-11-16 18:36:41 - [TEST_STEP][PASSED] - verifyElementText: Actual text and expected text of test object 'Object Repository/ShopOpen/RemainingCategories/Validate_ProductCategoryAssetScreen' are matched.

2018-11-16 18:36:42 - [MESSAGE][PASSED] - Actual text and expected text of test object 'Object Repository/ShopOpen/RemainingCategories/Validate_ProductCategoryAssetScreen' are matched.

2018-11-16 18:36:42 - [TEST_STEP][PASSED] - tap: Tapped on element 'Object Repository/ShopOpen/RemainingCategories/StockTaking'

2018-11-16 18:36:42 - [MESSAGE][WARNING] - Timeout '0' is invalid. Using default page load timeout: '7'

2018-11-16 18:36:42 - [MESSAGE][PASSED] - Tapped on element 'Object Repository/ShopOpen/RemainingCategories/StockTaking'

2018-11-16 18:36:42 - [TEST_STEP][PASSED] - verifyElementText: Actual text and expected text of test object 'Object Repository/ShopOpen/RemainingCategories/Validate_StockTakingScreen' are matched.

2018-11-16 18:36:44 - [MESSAGE][PASSED] - Actual text and expected text of test object 'Object Repository/ShopOpen/RemainingCategories/Validate_StockTakingScreen' are matched.

2018-11-16 18:36:44 - [TEST_STEP][PASSED] - com.ct.qa.keywords.ChannelProductsDataKeywords.visitChannelWiseProductsData: com.ct.qa.keywords.ChannelProductsDataKeywords.visitChannelWiseProductsData is PASSED

2018-11-16 18:36:47 - [MESSAGE][PASSED] - Keyboard is hidden

2018-11-16 18:36:48 - [MESSAGE][PASSED] - com.ct.qa.keywords.ChannelProductsDataKeywords.visitChannelWiseProductsData is PASSED

2018-11-16 18:36:48 - [TEST_STEP][PASSED] - tap: Tapped on element 'Object Repository/ShopOpen/RemainingCategories/SubmitButton'

2018-11-16 18:36:48 - [MESSAGE][WARNING] - Timeout '0' is invalid. Using default page load timeout: '7'

2018-11-16 18:36:48 - [MESSAGE][PASSED] - Tapped on element 'Object Repository/ShopOpen/RemainingCategories/SubmitButton'

2018-11-16 18:36:48 - [TEST_STEP][PASSED] - verifyElementText: Actual text and expected text of test object 'Object Repository/ShopOpen/RemainingCategories/Validate_ProductCategoryAssetScreen' are matched.

2018-11-16 18:36:49 - [MESSAGE][PASSED] - Actual text and expected text of test object 'Object Repository/ShopOpen/RemainingCategories/Validate_ProductCategoryAssetScreen' are matched.

2018-11-16 18:36:49 - [TEST_STEP][PASSED] - com.ct.qa.keywords.CommonKeywords.visitPlanogramImageViewButton: com.ct.qa.keywords.CommonKeywords.visitPlanogramImageViewButton is PASSED

2018-11-16 18:36:50 - [MESSAGE][PASSED] - com.ct.qa.keywords.CommonKeywords.visitPlanogramImageViewButton is PASSED

2018-11-16 18:36:50 - [TEST_STEP][PASSED] - verifyElementText: Actual text and expected text of test object 'Object Repository/ShopOpen/RemainingCategories/Validate_ProductCategoryAssetScreen' are matched.

2018-11-16 18:36:50 - [MESSAGE][PASSED] - Actual text and expected text of test object 'Object Repository/ShopOpen/RemainingCategories/Validate_ProductCategoryAssetScreen' are matched.

2018-11-16 18:36:50 - [TEST_STEP][PASSED] - com.ct.qa.keywords.CommonKeywords.visitPictureImageViewButton: com.ct.qa.keywords.CommonKeywords.visitPictureImageViewButton is PASSED

2018-11-16 18:36:50 - [MESSAGE][PASSED] - com.ct.qa.keywords.CommonKeywords.visitPictureImageViewButton is PASSED

2018-11-16 18:36:50 - [TEST_STEP][PASSED] - verifyElementText: Actual text and expected text of test object 'Object Repository/ShopOpen/RemainingCategories/Validate_ProductCategoryAssetScreen' are matched.

2018-11-16 18:36:51 - [MESSAGE][PASSED] - Actual text and expected text of test object 'Object Repository/ShopOpen/RemainingCategories/Validate_ProductCategoryAssetScreen' are matched.

2018-11-16 18:36:51 - [TEST_STEP][PASSED] - com.ct.qa.keywords.CommonKeywords.visitBackImageViewButton: com.ct.qa.keywords.CommonKeywords.visitBackImageViewButton is PASSED

2018-11-16 18:36:52 - [MESSAGE][PASSED] - com.ct.qa.keywords.CommonKeywords.visitBackImageViewButton is PASSED

2018-11-16 18:36:52 - [TEST_STEP][PASSED] - verifyElementExist: Element 'Object Repository/ShopOpen/Validate_ShopCategoriesListScreen' is exist

2018-11-16 18:36:52 - [MESSAGE][WARNING] - Timeout '0' is invalid. Using default page load timeout: '7'

2018-11-16 18:36:54 - [MESSAGE][PASSED] - Element 'Object Repository/ShopOpen/Validate_ShopCategoriesListScreen' is exist

2018-11-16 18:36:54 - [MESSAGE][PASSED] - Call Test Case 'Test Cases/ShopOpen/RemainingCategories/VisitRemainingCategoriesWithDSA' successfully

2018-11-16 18:36:54 - [MESSAGE][WARNING] - Timeout '0' is invalid. Using default page load timeout: '7'

2018-11-16 18:36:54 - [MESSAGE][PASSED] - Element 'Object Repository/ShopOpen/Validate_ShopCategoriesListScreen' is exist

2018-11-16 18:36:56 - [MESSAGE][WARNING] - Timeout '0' is invalid. Using default page load timeout: '7'

2018-11-16 18:36:57 - [MESSAGE][PASSED] - Element 'Object Repository/CommonScreenElements/Validate_CameraScreen' is exist

2018-11-16 18:36:57 - [MESSAGE][WARNING] - Timeout '0' is invalid. Using default page load timeout: '7'

2018-11-16 18:37:01 - [MESSAGE][PASSED] - Tapped on element 'Object Repository/CommonScreenElements/TakePictureButton'

2018-11-16 18:37:06 - [MESSAGE][PASSED] - Delayed 5 second(s)

2018-11-16 18:37:06 - [MESSAGE][WARNING] - Timeout '0' is invalid. Using default page load timeout: '7'

2018-11-16 18:37:07 - [MESSAGE][PASSED] - Tapped on element 'Object Repository/CommonScreenElements/DoneButton'

2018-11-16 18:37:07 - [TEST_CASE][PASSED] - Test Cases/ShopOpen/RemainingCategories/VisitRemainingCategoriesWithDSA: Test Cases/ShopOpen/RemainingCategories/VisitRemainingCategoriesWithDSA

2018-11-16 18:37:07 - [TEST_STEP][PASSED] - verifyElementText: Actual text and expected text of test object 'Object Repository/ShopOpen/RemainingCategories/Validate_MainCategoryDetailScreen' are matched.

2018-11-16 18:37:09 - [MESSAGE][PASSED] - Actual text and expected text of test object 'Object Repository/ShopOpen/RemainingCategories/Validate_MainCategoryDetailScreen' are matched.

2018-11-16 18:37:09 - [TEST_STEP][PASSED] - tap: Tapped on element 'Object Repository/ShopOpen/RemainingCategories/DisplaySpaceAvailable'

2018-11-16 18:37:09 - [MESSAGE][WARNING] - Timeout '0' is invalid. Using default page load timeout: '7'

2018-11-16 18:37:09 - [MESSAGE][PASSED] - Tapped on element 'Object Repository/ShopOpen/RemainingCategories/DisplaySpaceAvailable'

2018-11-16 18:37:09 - [TEST_STEP][PASSED] - verifyElementText: Actual text and expected text of test object 'Object Repository/ShopOpen/RemainingCategories/Validate_ProductCategoryAssetScreen' are matched.

2018-11-16 18:37:11 - [MESSAGE][PASSED] - Actual text and expected text of test object 'Object Repository/ShopOpen/RemainingCategories/Validate_ProductCategoryAssetScreen' are matched.

2018-11-16 18:37:11 - [TEST_STEP][PASSED] - tap: Tapped on element 'Object Repository/ShopOpen/RemainingCategories/Facing'

2018-11-16 18:37:11 - [MESSAGE][WARNING] - Timeout '0' is invalid. Using default page load timeout: '7'

2018-11-16 18:37:11 - [MESSAGE][PASSED] - Tapped on element 'Object Repository/ShopOpen/RemainingCategories/Facing'

2018-11-16 18:37:11 - [TEST_STEP][PASSED] - verifyElementText: Actual text and expected text of test object 'Object Repository/ShopOpen/RemainingCategories/Validate_FacingScreen' are matched.

2018-11-16 18:37:13 - [MESSAGE][PASSED] - Actual text and expected text of test object 'Object Repository/ShopOpen/RemainingCategories/Validate_FacingScreen' are matched.

2018-11-16 18:37:13 - [TEST_STEP][PASSED] - com.ct.qa.keywords.ChannelProductsDataKeywords.visitChannelWiseProductsData: com.ct.qa.keywords.ChannelProductsDataKeywords.visitChannelWiseProductsData is PASSED

2018-11-16 18:37:17 - [MESSAGE][PASSED] - Keyboard is hidden

2018-11-16 18:37:19 - [MESSAGE][PASSED] - Keyboard is hidden

2018-11-16 18:37:22 - [MESSAGE][PASSED] - Keyboard is hidden

2018-11-16 18:37:25 - [MESSAGE][PASSED] - Keyboard is hidden

2018-11-16 18:37:28 - [MESSAGE][PASSED] - Keyboard is hidden

2018-11-16 18:37:29 - [MESSAGE][PASSED] - com.ct.qa.keywords.ChannelProductsDataKeywords.visitChannelWiseProductsData is PASSED

2018-11-16 18:37:29 - [TEST_STEP][PASSED] - tap: Tapped on element 'Object Repository/ShopOpen/RemainingCategories/SubmitButton'

2018-11-16 18:37:29 - [MESSAGE][WARNING] - Timeout '0' is invalid. Using default page load timeout: '7'

2018-11-16 18:37:30 - [MESSAGE][PASSED] - Tapped on element 'Object Repository/ShopOpen/RemainingCategories/SubmitButton'

2018-11-16 18:37:30 - [TEST_STEP][PASSED] - verifyElementText: Actual text and expected text of test object 'Object Repository/ShopOpen/RemainingCategories/Validate_ProductCategoryAssetScreen' are matched.

2018-11-16 18:37:31 - [MESSAGE][PASSED] - Actual text and expected text of test object 'Object Repository/ShopOpen/RemainingCategories/Validate_ProductCategoryAssetScreen' are matched.

2018-11-16 18:37:31 - [TEST_STEP][PASSED] - tap: Tapped on element 'Object Repository/ShopOpen/RemainingCategories/StockTaking'

2018-11-16 18:37:31 - [MESSAGE][WARNING] - Timeout '0' is invalid. Using default page load timeout: '7'

2018-11-16 18:37:31 - [MESSAGE][PASSED] - Tapped on element 'Object Repository/ShopOpen/RemainingCategories/StockTaking'

2018-11-16 18:37:31 - [TEST_STEP][PASSED] - verifyElementText: Actual text and expected text of test object 'Object Repository/ShopOpen/RemainingCategories/Validate_StockTakingScreen' are matched.

2018-11-16 18:37:33 - [MESSAGE][PASSED] - Actual text and expected text of test object 'Object Repository/ShopOpen/RemainingCategories/Validate_StockTakingScreen' are matched.

2018-11-16 18:37:33 - [TEST_STEP][PASSED] - com.ct.qa.keywords.ChannelProductsDataKeywords.visitChannelWiseProductsData: com.ct.qa.keywords.ChannelProductsDataKeywords.visitChannelWiseProductsData is PASSED

2018-11-16 18:37:37 - [MESSAGE][PASSED] - Keyboard is hidden

2018-11-16 18:37:40 - [MESSAGE][PASSED] - Keyboard is hidden

2018-11-16 18:37:43 - [MESSAGE][PASSED] - Keyboard is hidden

2018-11-16 18:37:46 - [MESSAGE][PASSED] - Keyboard is hidden

2018-11-16 18:37:49 - [MESSAGE][PASSED] - Keyboard is hidden

2018-11-16 18:37:50 - [MESSAGE][PASSED] - com.ct.qa.keywords.ChannelProductsDataKeywords.visitChannelWiseProductsData is PASSED

2018-11-16 18:37:50 - [TEST_STEP][PASSED] - tap: Tapped on element 'Object Repository/ShopOpen/RemainingCategories/SubmitButton'

2018-11-16 18:37:50 - [MESSAGE][WARNING] - Timeout '0' is invalid. Using default page load timeout: '7'

2018-11-16 18:37:51 - [MESSAGE][PASSED] - Tapped on element 'Object Repository/ShopOpen/RemainingCategories/SubmitButton'

2018-11-16 18:37:51 - [TEST_STEP][PASSED] - verifyElementText: Actual text and expected text of test object 'Object Repository/ShopOpen/RemainingCategories/Validate_ProductCategoryAssetScreen' are matched.

2018-11-16 18:37:52 - [MESSAGE][PASSED] - Actual text and expected text of test object 'Object Repository/ShopOpen/RemainingCategories/Validate_ProductCategoryAssetScreen' are matched.

2018-11-16 18:37:52 - [TEST_STEP][PASSED] - com.ct.qa.keywords.CommonKeywords.visitPlanogramImageViewButton: com.ct.qa.keywords.CommonKeywords.visitPlanogramImageViewButton is PASSED

2018-11-16 18:37:52 - [MESSAGE][PASSED] - com.ct.qa.keywords.CommonKeywords.visitPlanogramImageViewButton is PASSED

2018-11-16 18:37:52 - [TEST_STEP][PASSED] - verifyElementText: Actual text and expected text of test object 'Object Repository/ShopOpen/RemainingCategories/Validate_ProductCategoryAssetScreen' are matched.

2018-11-16 18:37:53 - [MESSAGE][PASSED] - Actual text and expected text of test object 'Object Repository/ShopOpen/RemainingCategories/Validate_ProductCategoryAssetScreen' are matched.

2018-11-16 18:37:53 - [TEST_STEP][PASSED] - com.ct.qa.keywords.CommonKeywords.visitPictureImageViewButton: com.ct.qa.keywords.CommonKeywords.visitPictureImageViewButton is PASSED

2018-11-16 18:37:53 - [MESSAGE][PASSED] - com.ct.qa.keywords.CommonKeywords.visitPictureImageViewButton is PASSED

2018-11-16 18:37:53 - [TEST_STEP][PASSED] - verifyElementText: Actual text and expected text of test object 'Object Repository/ShopOpen/RemainingCategories/Validate_ProductCategoryAssetScreen' are matched.

2018-11-16 18:37:53 - [MESSAGE][PASSED] - Actual text and expected text of test object 'Object Repository/ShopOpen/RemainingCategories/Validate_ProductCategoryAssetScreen' are matched.

2018-11-16 18:37:53 - [TEST_STEP][PASSED] - com.ct.qa.keywords.CommonKeywords.visitBackImageViewButton: com.ct.qa.keywords.CommonKeywords.visitBackImageViewButton is PASSED

2018-11-16 18:37:54 - [MESSAGE][PASSED] - com.ct.qa.keywords.CommonKeywords.visitBackImageViewButton is PASSED

2018-11-16 18:37:54 - [TEST_STEP][PASSED] - verifyElementExist: Element 'Object Repository/ShopOpen/Validate_ShopCategoriesListScreen' is exist

2018-11-16 18:37:54 - [MESSAGE][WARNING] - Timeout '0' is invalid. Using default page load timeout: '7'

2018-11-16 18:37:56 - [MESSAGE][PASSED] - Element 'Object Repository/ShopOpen/Validate_ShopCategoriesListScreen' is exist

2018-11-16 18:37:56 - [MESSAGE][PASSED] - Call Test Case 'Test Cases/ShopOpen/RemainingCategories/VisitRemainingCategoriesWithDSA' successfully

2018-11-16 18:37:56 - [MESSAGE][WARNING] - Timeout '0' is invalid. Using default page load timeout: '7'

2018-11-16 18:37:56 - [MESSAGE][PASSED] - Element 'Object Repository/ShopOpen/Validate_ShopCategoriesListScreen' is exist

2018-11-16 18:37:58 - [MESSAGE][WARNING] - Timeout '0' is invalid. Using default page load timeout: '7'

2018-11-16 18:37:59 - [MESSAGE][PASSED] - Element 'Object Repository/CommonScreenElements/Validate_CameraScreen' is exist

2018-11-16 18:37:59 - [MESSAGE][WARNING] - Timeout '0' is invalid. Using default page load timeout: '7'

2018-11-16 18:38:03 - [MESSAGE][PASSED] - Tapped on element 'Object Repository/CommonScreenElements/TakePictureButton'

2018-11-16 18:38:08 - [MESSAGE][PASSED] - Delayed 5 second(s)

2018-11-16 18:38:08 - [MESSAGE][WARNING] - Timeout '0' is invalid. Using default page load timeout: '7'

2018-11-16 18:38:09 - [MESSAGE][PASSED] - Tapped on element 'Object Repository/CommonScreenElements/DoneButton'

2018-11-16 18:38:09 - [TEST_CASE][PASSED] - Test Cases/ShopOpen/RemainingCategories/VisitRemainingCategoriesWithDSA: Test Cases/ShopOpen/RemainingCategories/VisitRemainingCategoriesWithDSA

2018-11-16 18:38:09 - [TEST_STEP][PASSED] - verifyElementText: Actual text and expected text of test object 'Object Repository/ShopOpen/RemainingCategories/Validate_MainCategoryDetailScreen' are matched.

2018-11-16 18:38:11 - [MESSAGE][PASSED] - Actual text and expected text of test object 'Object Repository/ShopOpen/RemainingCategories/Validate_MainCategoryDetailScreen' are matched.

2018-11-16 18:38:11 - [TEST_STEP][PASSED] - tap: Tapped on element 'Object Repository/ShopOpen/RemainingCategories/DisplaySpaceAvailable'

2018-11-16 18:38:11 - [MESSAGE][WARNING] - Timeout '0' is invalid. Using default page load timeout: '7'

2018-11-16 18:38:11 - [MESSAGE][PASSED] - Tapped on element 'Object Repository/ShopOpen/RemainingCategories/DisplaySpaceAvailable'

2018-11-16 18:38:11 - [TEST_STEP][PASSED] - verifyElementText: Actual text and expected text of test object 'Object Repository/ShopOpen/RemainingCategories/Validate_ProductCategoryAssetScreen' are matched.

2018-11-16 18:38:13 - [MESSAGE][PASSED] - Actual text and expected text of test object 'Object Repository/ShopOpen/RemainingCategories/Validate_ProductCategoryAssetScreen' are matched.

2018-11-16 18:38:13 - [TEST_STEP][PASSED] - tap: Tapped on element 'Object Repository/ShopOpen/RemainingCategories/Facing'

2018-11-16 18:38:13 - [MESSAGE][WARNING] - Timeout '0' is invalid. Using default page load timeout: '7'

2018-11-16 18:38:13 - [MESSAGE][PASSED] - Tapped on element 'Object Repository/ShopOpen/RemainingCategories/Facing'

2018-11-16 18:38:13 - [TEST_STEP][PASSED] - verifyElementText: Actual text and expected text of test object 'Object Repository/ShopOpen/RemainingCategories/Validate_FacingScreen' are matched.

2018-11-16 18:38:15 - [MESSAGE][PASSED] - Actual text and expected text of test object 'Object Repository/ShopOpen/RemainingCategories/Validate_FacingScreen' are matched.

2018-11-16 18:38:15 - [TEST_STEP][PASSED] - com.ct.qa.keywords.ChannelProductsDataKeywords.visitChannelWiseProductsData: com.ct.qa.keywords.ChannelProductsDataKeywords.visitChannelWiseProductsData is PASSED

2018-11-16 18:38:18 - [MESSAGE][PASSED] - Keyboard is hidden

2018-11-16 18:38:19 - [MESSAGE][PASSED] - com.ct.qa.keywords.ChannelProductsDataKeywords.visitChannelWiseProductsData is PASSED

2018-11-16 18:38:19 - [TEST_STEP][PASSED] - tap: Tapped on element 'Object Repository/ShopOpen/RemainingCategories/SubmitButton'

2018-11-16 18:38:19 - [MESSAGE][WARNING] - Timeout '0' is invalid. Using default page load timeout: '7'

2018-11-16 18:38:19 - [MESSAGE][PASSED] - Tapped on element 'Object Repository/ShopOpen/RemainingCategories/SubmitButton'

2018-11-16 18:38:19 - [TEST_STEP][PASSED] - verifyElementText: Actual text and expected text of test object 'Object Repository/ShopOpen/RemainingCategories/Validate_ProductCategoryAssetScreen' are matched.

2018-11-16 18:38:20 - [MESSAGE][PASSED] - Actual text and expected text of test object 'Object Repository/ShopOpen/RemainingCategories/Validate_ProductCategoryAssetScreen' are matched.

2018-11-16 18:38:20 - [TEST_STEP][PASSED] - tap: Tapped on element 'Object Repository/ShopOpen/RemainingCategories/StockTaking'

2018-11-16 18:38:20 - [MESSAGE][WARNING] - Timeout '0' is invalid. Using default page load timeout: '7'

2018-11-16 18:38:20 - [MESSAGE][PASSED] - Tapped on element 'Object Repository/ShopOpen/RemainingCategories/StockTaking'

2018-11-16 18:38:20 - [TEST_STEP][PASSED] - verifyElementText: Actual text and expected text of test object 'Object Repository/ShopOpen/RemainingCategories/Validate_StockTakingScreen' are matched.

2018-11-16 18:38:22 - [MESSAGE][PASSED] - Actual text and expected text of test object 'Object Repository/ShopOpen/RemainingCategories/Validate_StockTakingScreen' are matched.

2018-11-16 18:38:22 - [TEST_STEP][PASSED] - com.ct.qa.keywords.ChannelProductsDataKeywords.visitChannelWiseProductsData: com.ct.qa.keywords.ChannelProductsDataKeywords.visitChannelWiseProductsData is PASSED

2018-11-16 18:38:25 - [MESSAGE][PASSED] - Keyboard is hidden

2018-11-16 18:38:26 - [MESSAGE][PASSED] - com.ct.qa.keywords.ChannelProductsDataKeywords.visitChannelWiseProductsData is PASSED

2018-11-16 18:38:26 - [TEST_STEP][PASSED] - tap: Tapped on element 'Object Repository/ShopOpen/RemainingCategories/SubmitButton'

2018-11-16 18:38:26 - [MESSAGE][WARNING] - Timeout '0' is invalid. Using default page load timeout: '7'

2018-11-16 18:38:26 - [MESSAGE][PASSED] - Tapped on element 'Object Repository/ShopOpen/RemainingCategories/SubmitButton'

2018-11-16 18:38:26 - [TEST_STEP][PASSED] - verifyElementText: Actual text and expected text of test object 'Object Repository/ShopOpen/RemainingCategories/Validate_ProductCategoryAssetScreen' are matched.

2018-11-16 18:38:27 - [MESSAGE][PASSED] - Actual text and expected text of test object 'Object Repository/ShopOpen/RemainingCategories/Validate_ProductCategoryAssetScreen' are matched.

2018-11-16 18:38:27 - [TEST_STEP][PASSED] - com.ct.qa.keywords.CommonKeywords.visitPlanogramImageViewButton: com.ct.qa.keywords.CommonKeywords.visitPlanogramImageViewButton is PASSED

2018-11-16 18:38:27 - [MESSAGE][PASSED] - com.ct.qa.keywords.CommonKeywords.visitPlanogramImageViewButton is PASSED

2018-11-16 18:38:27 - [TEST_STEP][PASSED] - verifyElementText: Actual text and expected text of test object 'Object Repository/ShopOpen/RemainingCategories/Validate_ProductCategoryAssetScreen' are matched.

2018-11-16 18:38:28 - [MESSAGE][PASSED] - Actual text and expected text of test object 'Object Repository/ShopOpen/RemainingCategories/Validate_ProductCategoryAssetScreen' are matched.

2018-11-16 18:38:28 - [TEST_STEP][PASSED] - com.ct.qa.keywords.CommonKeywords.visitPictureImageViewButton: com.ct.qa.keywords.CommonKeywords.visitPictureImageViewButton is PASSED

2018-11-16 18:38:28 - [MESSAGE][PASSED] - com.ct.qa.keywords.CommonKeywords.visitPictureImageViewButton is PASSED

2018-11-16 18:38:28 - [TEST_STEP][PASSED] - verifyElementText: Actual text and expected text of test object 'Object Repository/ShopOpen/RemainingCategories/Validate_ProductCategoryAssetScreen' are matched.

2018-11-16 18:38:28 - [MESSAGE][PASSED] - Actual text and expected text of test object 'Object Repository/ShopOpen/RemainingCategories/Validate_ProductCategoryAssetScreen' are matched.

2018-11-16 18:38:28 - [TEST_STEP][PASSED] - com.ct.qa.keywords.CommonKeywords.visitBackImageViewButton: com.ct.qa.keywords.CommonKeywords.visitBackImageViewButton is PASSED

2018-11-16 18:38:29 - [MESSAGE][PASSED] - com.ct.qa.keywords.CommonKeywords.visitBackImageViewButton is PASSED

2018-11-16 18:38:29 - [TEST_STEP][PASSED] - verifyElementExist: Element 'Object Repository/ShopOpen/Validate_ShopCategoriesListScreen' is exist

2018-11-16 18:38:29 - [MESSAGE][WARNING] - Timeout '0' is invalid. Using default page load timeout: '7'

2018-11-16 18:38:31 - [MESSAGE][PASSED] - Element 'Object Repository/ShopOpen/Validate_ShopCategoriesListScreen' is exist

2018-11-16 18:38:31 - [MESSAGE][PASSED] - Call Test Case 'Test Cases/ShopOpen/RemainingCategories/VisitRemainingCategoriesWithDSA' successfully

2018-11-16 18:38:31 - [MESSAGE][WARNING] - Timeout '0' is invalid. Using default page load timeout: '7'

2018-11-16 18:38:31 - [MESSAGE][PASSED] - Element 'Object Repository/ShopOpen/Validate_ShopCategoriesListScreen' is exist

2018-11-16 18:38:33 - [MESSAGE][WARNING] - Timeout '0' is invalid. Using default page load timeout: '7'

2018-11-16 18:38:34 - [MESSAGE][PASSED] - Element 'Object Repository/CommonScreenElements/Validate_CameraScreen' is exist

2018-11-16 18:38:34 - [MESSAGE][WARNING] - Timeout '0' is invalid. Using default page load timeout: '7'

2018-11-16 18:38:38 - [MESSAGE][PASSED] - Tapped on element 'Object Repository/CommonScreenElements/TakePictureButton'

2018-11-16 18:38:43 - [MESSAGE][PASSED] - Delayed 5 second(s)

2018-11-16 18:38:43 - [MESSAGE][WARNING] - Timeout '0' is invalid. Using default page load timeout: '7'

2018-11-16 18:38:43 - [MESSAGE][PASSED] - Tapped on element 'Object Repository/CommonScreenElements/DoneButton'

2018-11-16 18:38:43 - [TEST_CASE][PASSED] - Test Cases/ShopOpen/RemainingCategories/VisitRemainingCategoriesWithDSA: Test Cases/ShopOpen/RemainingCategories/VisitRemainingCategoriesWithDSA

2018-11-16 18:38:43 - [TEST_STEP][PASSED] - verifyElementText: Actual text and expected text of test object 'Object Repository/ShopOpen/RemainingCategories/Validate_MainCategoryDetailScreen' are matched.

2018-11-16 18:38:46 - [MESSAGE][PASSED] - Actual text and expected text of test object 'Object Repository/ShopOpen/RemainingCategories/Validate_MainCategoryDetailScreen' are matched.

2018-11-16 18:38:46 - [TEST_STEP][PASSED] - tap: Tapped on element 'Object Repository/ShopOpen/RemainingCategories/DisplaySpaceAvailable'

2018-11-16 18:38:46 - [MESSAGE][WARNING] - Timeout '0' is invalid. Using default page load timeout: '7'

2018-11-16 18:38:46 - [MESSAGE][PASSED] - Tapped on element 'Object Repository/ShopOpen/RemainingCategories/DisplaySpaceAvailable'

2018-11-16 18:38:46 - [TEST_STEP][PASSED] - verifyElementText: Actual text and expected text of test object 'Object Repository/ShopOpen/RemainingCategories/Validate_ProductCategoryAssetScreen' are matched.

2018-11-16 18:38:48 - [MESSAGE][PASSED] - Actual text and expected text of test object 'Object Repository/ShopOpen/RemainingCategories/Validate_ProductCategoryAssetScreen' are matched.

2018-11-16 18:38:48 - [TEST_STEP][PASSED] - tap: Tapped on element 'Object Repository/ShopOpen/RemainingCategories/Facing'

2018-11-16 18:38:48 - [MESSAGE][WARNING] - Timeout '0' is invalid. Using default page load timeout: '7'

2018-11-16 18:38:48 - [MESSAGE][PASSED] - Tapped on element 'Object Repository/ShopOpen/RemainingCategories/Facing'

2018-11-16 18:38:48 - [TEST_STEP][PASSED] - verifyElementText: Actual text and expected text of test object 'Object Repository/ShopOpen/RemainingCategories/Validate_FacingScreen' are matched.

2018-11-16 18:38:50 - [MESSAGE][PASSED] - Actual text and expected text of test object 'Object Repository/ShopOpen/RemainingCategories/Validate_FacingScreen' are matched.

2018-11-16 18:38:50 - [TEST_STEP][PASSED] - com.ct.qa.keywords.ChannelProductsDataKeywords.visitChannelWiseProductsData: com.ct.qa.keywords.ChannelProductsDataKeywords.visitChannelWiseProductsData is PASSED

2018-11-16 18:38:53 - [MESSAGE][PASSED] - Keyboard is hidden

2018-11-16 18:38:55 - [MESSAGE][PASSED] - Keyboard is hidden

2018-11-16 18:38:56 - [MESSAGE][PASSED] - com.ct.qa.keywords.ChannelProductsDataKeywords.visitChannelWiseProductsData is PASSED

2018-11-16 18:38:56 - [TEST_STEP][PASSED] - tap: Tapped on element 'Object Repository/ShopOpen/RemainingCategories/SubmitButton'

2018-11-16 18:38:56 - [MESSAGE][WARNING] - Timeout '0' is invalid. Using default page load timeout: '7'

2018-11-16 18:38:57 - [MESSAGE][PASSED] - Tapped on element 'Object Repository/ShopOpen/RemainingCategories/SubmitButton'

2018-11-16 18:38:57 - [TEST_STEP][PASSED] - verifyElementText: Actual text and expected text of test object 'Object Repository/ShopOpen/RemainingCategories/Validate_ProductCategoryAssetScreen' are matched.

2018-11-16 18:38:58 - [MESSAGE][PASSED] - Actual text and expected text of test object 'Object Repository/ShopOpen/RemainingCategories/Validate_ProductCategoryAssetScreen' are matched.

2018-11-16 18:38:58 - [TEST_STEP][PASSED] - tap: Tapped on element 'Object Repository/ShopOpen/RemainingCategories/StockTaking'

2018-11-16 18:38:58 - [MESSAGE][WARNING] - Timeout '0' is invalid. Using default page load timeout: '7'

2018-11-16 18:38:58 - [MESSAGE][PASSED] - Tapped on element 'Object Repository/ShopOpen/RemainingCategories/StockTaking'

2018-11-16 18:38:58 - [TEST_STEP][PASSED] - verifyElementText: Actual text and expected text of test object 'Object Repository/ShopOpen/RemainingCategories/Validate_StockTakingScreen' are matched.

2018-11-16 18:39:00 - [MESSAGE][PASSED] - Actual text and expected text of test object 'Object Repository/ShopOpen/RemainingCategories/Validate_StockTakingScreen' are matched.

2018-11-16 18:39:00 - [TEST_STEP][PASSED] - com.ct.qa.keywords.ChannelProductsDataKeywords.visitChannelWiseProductsData: com.ct.qa.keywords.ChannelProductsDataKeywords.visitChannelWiseProductsData is PASSED

2018-11-16 18:39:03 - [MESSAGE][PASSED] - Keyboard is hidden

2018-11-16 18:39:06 - [MESSAGE][PASSED] - Keyboard is hidden

2018-11-16 18:39:07 - [MESSAGE][PASSED] - com.ct.qa.keywords.ChannelProductsDataKeywords.visitChannelWiseProductsData is PASSED

2018-11-16 18:39:07 - [TEST_STEP][PASSED] - tap: Tapped on element 'Object Repository/ShopOpen/RemainingCategories/SubmitButton'

2018-11-16 18:39:07 - [MESSAGE][WARNING] - Timeout '0' is invalid. Using default page load timeout: '7'

2018-11-16 18:39:07 - [MESSAGE][PASSED] - Tapped on element 'Object Repository/ShopOpen/RemainingCategories/SubmitButton'

2018-11-16 18:39:07 - [TEST_STEP][PASSED] - verifyElementText: Actual text and expected text of test object 'Object Repository/ShopOpen/RemainingCategories/Validate_ProductCategoryAssetScreen' are matched.

2018-11-16 18:39:08 - [MESSAGE][PASSED] - Actual text and expected text of test object 'Object Repository/ShopOpen/RemainingCategories/Validate_ProductCategoryAssetScreen' are matched.

2018-11-16 18:39:08 - [TEST_STEP][PASSED] - com.ct.qa.keywords.CommonKeywords.visitPlanogramImageViewButton: com.ct.qa.keywords.CommonKeywords.visitPlanogramImageViewButton is PASSED

2018-11-16 18:39:09 - [MESSAGE][PASSED] - com.ct.qa.keywords.CommonKeywords.visitPlanogramImageViewButton is PASSED

2018-11-16 18:39:09 - [TEST_STEP][PASSED] - verifyElementText: Actual text and expected text of test object 'Object Repository/ShopOpen/RemainingCategories/Validate_ProductCategoryAssetScreen' are matched.

2018-11-16 18:39:09 - [MESSAGE][PASSED] - Actual text and expected text of test object 'Object Repository/ShopOpen/RemainingCategories/Validate_ProductCategoryAssetScreen' are matched.

2018-11-16 18:39:09 - [TEST_STEP][PASSED] - com.ct.qa.keywords.CommonKeywords.visitPictureImageViewButton: com.ct.qa.keywords.CommonKeywords.visitPictureImageViewButton is PASSED

2018-11-16 18:39:10 - [MESSAGE][PASSED] - com.ct.qa.keywords.CommonKeywords.visitPictureImageViewButton is PASSED

2018-11-16 18:39:10 - [TEST_STEP][PASSED] - verifyElementText: Actual text and expected text of test object 'Object Repository/ShopOpen/RemainingCategories/Validate_ProductCategoryAssetScreen' are matched.

2018-11-16 18:39:10 - [MESSAGE][PASSED] - Actual text and expected text of test object 'Object Repository/ShopOpen/RemainingCategories/Validate_ProductCategoryAssetScreen' are matched.

2018-11-16 18:39:10 - [TEST_STEP][PASSED] - com.ct.qa.keywords.CommonKeywords.visitBackImageViewButton: com.ct.qa.keywords.CommonKeywords.visitBackImageViewButton is PASSED

2018-11-16 18:39:11 - [MESSAGE][PASSED] - com.ct.qa.keywords.CommonKeywords.visitBackImageViewButton is PASSED

2018-11-16 18:39:11 - [TEST_STEP][PASSED] - verifyElementExist: Element 'Object Repository/ShopOpen/Validate_ShopCategoriesListScreen' is exist

2018-11-16 18:39:11 - [MESSAGE][WARNING] - Timeout '0' is invalid. Using default page load timeout: '7'

2018-11-16 18:39:13 - [MESSAGE][PASSED] - Element 'Object Repository/ShopOpen/Validate_ShopCategoriesListScreen' is exist

2018-11-16 18:39:13 - [MESSAGE][PASSED] - Call Test Case 'Test Cases/ShopOpen/RemainingCategories/VisitRemainingCategoriesWithDSA' successfully

2018-11-16 18:39:13 - [MESSAGE][WARNING] - Timeout '0' is invalid. Using default page load timeout: '7'

2018-11-16 18:39:13 - [MESSAGE][PASSED] - Element 'Object Repository/ShopOpen/Validate_ShopCategoriesListScreen' is exist

2018-11-16 18:39:15 - [MESSAGE][WARNING] - Timeout '0' is invalid. Using default page load timeout: '7'

2018-11-16 18:39:17 - [MESSAGE][PASSED] - Element 'Object Repository/CommonScreenElements/Validate_CameraScreen' is exist

2018-11-16 18:39:17 - [MESSAGE][WARNING] - Timeout '0' is invalid. Using default page load timeout: '7'

2018-11-16 18:39:20 - [MESSAGE][PASSED] - Tapped on element 'Object Repository/CommonScreenElements/TakePictureButton'

2018-11-16 18:39:25 - [MESSAGE][PASSED] - Delayed 5 second(s)

2018-11-16 18:39:25 - [MESSAGE][WARNING] - Timeout '0' is invalid. Using default page load timeout: '7'

2018-11-16 18:39:25 - [MESSAGE][PASSED] - Tapped on element 'Object Repository/CommonScreenElements/DoneButton'

2018-11-16 18:39:26 - [TEST_CASE][PASSED] - Test Cases/ShopOpen/RemainingCategories/VisitRemainingCategoriesWithDSA: Test Cases/ShopOpen/RemainingCategories/VisitRemainingCategoriesWithDSA

2018-11-16 18:39:26 - [TEST_STEP][PASSED] - verifyElementText: Actual text and expected text of test object 'Object Repository/ShopOpen/RemainingCategories/Validate_MainCategoryDetailScreen' are matched.

2018-11-16 18:39:28 - [MESSAGE][PASSED] - Actual text and expected text of test object 'Object Repository/ShopOpen/RemainingCategories/Validate_MainCategoryDetailScreen' are matched.

2018-11-16 18:39:28 - [TEST_STEP][PASSED] - tap: Tapped on element 'Object Repository/ShopOpen/RemainingCategories/DisplaySpaceAvailable'

2018-11-16 18:39:28 - [MESSAGE][WARNING] - Timeout '0' is invalid. Using default page load timeout: '7'

2018-11-16 18:39:28 - [MESSAGE][PASSED] - Tapped on element 'Object Repository/ShopOpen/RemainingCategories/DisplaySpaceAvailable'

2018-11-16 18:39:28 - [TEST_STEP][PASSED] - verifyElementText: Actual text and expected text of test object 'Object Repository/ShopOpen/RemainingCategories/Validate_ProductCategoryAssetScreen' are matched.

2018-11-16 18:39:30 - [MESSAGE][PASSED] - Actual text and expected text of test object 'Object Repository/ShopOpen/RemainingCategories/Validate_ProductCategoryAssetScreen' are matched.

2018-11-16 18:39:30 - [TEST_STEP][PASSED] - tap: Tapped on element 'Object Repository/ShopOpen/RemainingCategories/Facing'

2018-11-16 18:39:30 - [MESSAGE][WARNING] - Timeout '0' is invalid. Using default page load timeout: '7'

2018-11-16 18:39:30 - [MESSAGE][PASSED] - Tapped on element 'Object Repository/ShopOpen/RemainingCategories/Facing'

2018-11-16 18:39:30 - [TEST_STEP][PASSED] - verifyElementText: Actual text and expected text of test object 'Object Repository/ShopOpen/RemainingCategories/Validate_FacingScreen' are matched.

2018-11-16 18:39:32 - [MESSAGE][PASSED] - Actual text and expected text of test object 'Object Repository/ShopOpen/RemainingCategories/Validate_FacingScreen' are matched.

2018-11-16 18:39:32 - [TEST_STEP][PASSED] - com.ct.qa.keywords.ChannelProductsDataKeywords.visitChannelWiseProductsData: com.ct.qa.keywords.ChannelProductsDataKeywords.visitChannelWiseProductsData is PASSED

2018-11-16 18:39:36 - [MESSAGE][PASSED] - Keyboard is hidden

2018-11-16 18:39:39 - [MESSAGE][PASSED] - Keyboard is hidden

2018-11-16 18:39:42 - [MESSAGE][PASSED] - Keyboard is hidden

2018-11-16 18:39:45 - [MESSAGE][PASSED] - Keyboard is hidden

2018-11-16 18:39:48 - [MESSAGE][PASSED] - Keyboard is hidden

2018-11-16 18:39:51 - [MESSAGE][PASSED] - Keyboard is hidden

2018-11-16 18:39:54 - [MESSAGE][PASSED] - Swiped from 73,359 to 73,250

2018-11-16 18:39:57 - [MESSAGE][PASSED] - Keyboard is hidden

2018-11-16 18:39:59 - [MESSAGE][PASSED] - Swiped from 73,359 to 73,250

2018-11-16 18:40:02 - [MESSAGE][PASSED] - Keyboard is hidden

2018-11-16 18:40:04 - [MESSAGE][PASSED] - Swiped from 73,359 to 73,250

2018-11-16 18:40:07 - [MESSAGE][PASSED] - Keyboard is hidden

2018-11-16 18:40:09 - [MESSAGE][PASSED] - Swiped from 73,359 to 73,250

2018-11-16 18:40:12 - [MESSAGE][PASSED] - Keyboard is hidden

2018-11-16 18:40:14 - [MESSAGE][PASSED] - Swiped from 73,359 to 73,250

2018-11-16 18:40:17 - [MESSAGE][PASSED] - Keyboard is hidden

2018-11-16 18:40:19 - [MESSAGE][PASSED] - Swiped from 73,359 to 73,250

2018-11-16 18:40:20 - [MESSAGE][PASSED] - com.ct.qa.keywords.ChannelProductsDataKeywords.visitChannelWiseProductsData is PASSED

2018-11-16 18:40:20 - [TEST_STEP][PASSED] - tap: Tapped on element 'Object Repository/ShopOpen/RemainingCategories/SubmitButton'

2018-11-16 18:40:20 - [MESSAGE][WARNING] - Timeout '0' is invalid. Using default page load timeout: '7'

2018-11-16 18:40:20 - [MESSAGE][PASSED] - Tapped on element 'Object Repository/ShopOpen/RemainingCategories/SubmitButton'

2018-11-16 18:40:20 - [TEST_STEP][PASSED] - verifyElementText: Actual text and expected text of test object 'Object Repository/ShopOpen/RemainingCategories/Validate_ProductCategoryAssetScreen' are matched.

2018-11-16 18:40:21 - [MESSAGE][PASSED] - Actual text and expected text of test object 'Object Repository/ShopOpen/RemainingCategories/Validate_ProductCategoryAssetScreen' are matched.

2018-11-16 18:40:21 - [TEST_STEP][PASSED] - tap: Tapped on element 'Object Repository/ShopOpen/RemainingCategories/StockTaking'

2018-11-16 18:40:21 - [MESSAGE][WARNING] - Timeout '0' is invalid. Using default page load timeout: '7'

2018-11-16 18:40:22 - [MESSAGE][PASSED] - Tapped on element 'Object Repository/ShopOpen/RemainingCategories/StockTaking'

2018-11-16 18:40:22 - [TEST_STEP][PASSED] - verifyElementText: Actual text and expected text of test object 'Object Repository/ShopOpen/RemainingCategories/Validate_StockTakingScreen' are matched.

2018-11-16 18:40:24 - [MESSAGE][PASSED] - Actual text and expected text of test object 'Object Repository/ShopOpen/RemainingCategories/Validate_StockTakingScreen' are matched.

2018-11-16 18:40:24 - [TEST_STEP][PASSED] - com.ct.qa.keywords.ChannelProductsDataKeywords.visitChannelWiseProductsData: com.ct.qa.keywords.ChannelProductsDataKeywords.visitChannelWiseProductsData is PASSED

2018-11-16 18:40:28 - [MESSAGE][PASSED] - Keyboard is hidden

2018-11-16 18:40:31 - [MESSAGE][PASSED] - Keyboard is hidden

2018-11-16 18:40:34 - [MESSAGE][PASSED] - Keyboard is hidden

2018-11-16 18:40:37 - [MESSAGE][PASSED] - Keyboard is hidden

2018-11-16 18:40:40 - [MESSAGE][PASSED] - Keyboard is hidden

2018-11-16 18:40:43 - [MESSAGE][PASSED] - Keyboard is hidden

2018-11-16 18:40:46 - [MESSAGE][PASSED] - Swiped from 73,359 to 73,250

2018-11-16 18:40:49 - [MESSAGE][PASSED] - Keyboard is hidden

2018-11-16 18:40:51 - [MESSAGE][PASSED] - Swiped from 73,359 to 73,250

2018-11-16 18:40:54 - [MESSAGE][PASSED] - Keyboard is hidden

2018-11-16 18:40:56 - [MESSAGE][PASSED] - Swiped from 73,359 to 73,250

2018-11-16 18:40:59 - [MESSAGE][PASSED] - Keyboard is hidden

2018-11-16 18:41:01 - [MESSAGE][PASSED] - Swiped from 73,359 to 73,250

2018-11-16 18:41:04 - [MESSAGE][PASSED] - Keyboard is hidden

2018-11-16 18:41:06 - [MESSAGE][PASSED] - Swiped from 73,359 to 73,250

2018-11-16 18:41:09 - [MESSAGE][PASSED] - Keyboard is hidden

2018-11-16 18:41:11 - [MESSAGE][PASSED] - Swiped from 73,359 to 73,250

2018-11-16 18:41:12 - [MESSAGE][PASSED] - com.ct.qa.keywords.ChannelProductsDataKeywords.visitChannelWiseProductsData is PASSED

2018-11-16 18:41:12 - [TEST_STEP][PASSED] - tap: Tapped on element 'Object Repository/ShopOpen/RemainingCategories/SubmitButton'

2018-11-16 18:41:12 - [MESSAGE][WARNING] - Timeout '0' is invalid. Using default page load timeout: '7'

2018-11-16 18:41:12 - [MESSAGE][PASSED] - Tapped on element 'Object Repository/ShopOpen/RemainingCategories/SubmitButton'

2018-11-16 18:41:12 - [TEST_STEP][PASSED] - verifyElementText: Actual text and expected text of test object 'Object Repository/ShopOpen/RemainingCategories/Validate_ProductCategoryAssetScreen' are matched.

2018-11-16 18:41:13 - [MESSAGE][PASSED] - Actual text and expected text of test object 'Object Repository/ShopOpen/RemainingCategories/Validate_ProductCategoryAssetScreen' are matched.

2018-11-16 18:41:13 - [TEST_STEP][PASSED] - com.ct.qa.keywords.CommonKeywords.visitPlanogramImageViewButton: com.ct.qa.keywords.CommonKeywords.visitPlanogramImageViewButton is PASSED

2018-11-16 18:41:14 - [MESSAGE][PASSED] - com.ct.qa.keywords.CommonKeywords.visitPlanogramImageViewButton is PASSED

2018-11-16 18:41:14 - [TEST_STEP][PASSED] - verifyElementText: Actual text and expected text of test object 'Object Repository/ShopOpen/RemainingCategories/Validate_ProductCategoryAssetScreen' are matched.

2018-11-16 18:41:14 - [MESSAGE][PASSED] - Actual text and expected text of test object 'Object Repository/ShopOpen/RemainingCategories/Validate_ProductCategoryAssetScreen' are matched.

2018-11-16 18:41:14 - [TEST_STEP][PASSED] - com.ct.qa.keywords.CommonKeywords.visitPictureImageViewButton: com.ct.qa.keywords.CommonKeywords.visitPictureImageViewButton is PASSED

2018-11-16 18:41:14 - [MESSAGE][PASSED] - com.ct.qa.keywords.CommonKeywords.visitPictureImageViewButton is PASSED

2018-11-16 18:41:14 - [TEST_STEP][PASSED] - verifyElementText: Actual text and expected text of test object 'Object Repository/ShopOpen/RemainingCategories/Validate_ProductCategoryAssetScreen' are matched.

2018-11-16 18:41:15 - [MESSAGE][PASSED] - Actual text and expected text of test object 'Object Repository/ShopOpen/RemainingCategories/Validate_ProductCategoryAssetScreen' are matched.

2018-11-16 18:41:15 - [TEST_STEP][PASSED] - com.ct.qa.keywords.CommonKeywords.visitBackImageViewButton: com.ct.qa.keywords.CommonKeywords.visitBackImageViewButton is PASSED

2018-11-16 18:41:16 - [MESSAGE][PASSED] - com.ct.qa.keywords.CommonKeywords.visitBackImageViewButton is PASSED

2018-11-16 18:41:16 - [TEST_STEP][PASSED] - verifyElementExist: Element 'Object Repository/ShopOpen/Validate_ShopCategoriesListScreen' is exist

2018-11-16 18:41:16 - [MESSAGE][WARNING] - Timeout '0' is invalid. Using default page load timeout: '7'

2018-11-16 18:41:18 - [MESSAGE][PASSED] - Element 'Object Repository/ShopOpen/Validate_ShopCategoriesListScreen' is exist

2018-11-16 18:41:18 - [MESSAGE][PASSED] - Call Test Case 'Test Cases/ShopOpen/RemainingCategories/VisitRemainingCategoriesWithDSA' successfully

2018-11-16 18:41:18 - [MESSAGE][WARNING] - Timeout '0' is invalid. Using default page load timeout: '7'

2018-11-16 18:41:18 - [MESSAGE][PASSED] - Element 'Object Repository/ShopOpen/Validate_ShopCategoriesListScreen' is exist

2018-11-16 18:41:19 - [TEST_CASE][PASSED] - Test Cases/ShopOpen/CompetitionTracking/VisitCompetitionTracking: Test Cases/ShopOpen/CompetitionTracking/VisitCompetitionTracking

2018-11-16 18:41:19 - [TEST_STEP][PASSED] - verifyElementExist: Element 'Object Repository/ShopOpen/CompetitionTracking/Validate_CompetitionTrackingScreen' is exist

2018-11-16 18:41:19 - [MESSAGE][WARNING] - Timeout '0' is invalid. Using default page load timeout: '7'

2018-11-16 18:41:21 - [MESSAGE][PASSED] - Element 'Object Repository/ShopOpen/CompetitionTracking/Validate_CompetitionTrackingScreen' is exist

2018-11-16 18:41:21 - [TEST_STEP][PASSED] - com.ct.qa.keywords.CompetitionTrackingKeywords.visitCompetitiontrackingProducts: com.ct.qa.keywords.CompetitionTrackingKeywords.visitCompetitiontrackingProducts is PASSED

2018-11-16 18:41:24 - [MESSAGE][PASSED] - Keyboard is hidden

2018-11-16 18:41:26 - [MESSAGE][PASSED] - Keyboard is hidden

2018-11-16 18:41:26 - [MESSAGE][PASSED] - com.ct.qa.keywords.CompetitionTrackingKeywords.visitCompetitiontrackingProducts is PASSED

2018-11-16 18:41:26 - [TEST_STEP][PASSED] - pressBack: Press back button successfully

2018-11-16 18:41:27 - [MESSAGE][PASSED] - Press back button successfully

2018-11-16 18:41:27 - [TEST_STEP][PASSED] - verifyElementExist: Element 'Object Repository/ShopOpen/Validate_ShopCategoriesListScreen' is exist

2018-11-16 18:41:27 - [MESSAGE][WARNING] - Timeout '0' is invalid. Using default page load timeout: '7'

2018-11-16 18:41:28 - [MESSAGE][PASSED] - Element 'Object Repository/ShopOpen/Validate_ShopCategoriesListScreen' is exist

2018-11-16 18:41:28 - [TEST_STEP][PASSED] - swipe: Swiped from 0,200 to 0,750

2018-11-16 18:41:28 - [MESSAGE][PASSED] - Swiped from 0,200 to 0,750

2018-11-16 18:41:28 - [TEST_STEP][PASSED] - swipe: Swiped from 0,200 to 0,750

2018-11-16 18:41:29 - [MESSAGE][PASSED] - Swiped from 0,200 to 0,750

2018-11-16 18:41:29 - [MESSAGE][PASSED] - Call Test Case 'Test Cases/ShopOpen/CompetitionTracking/VisitCompetitionTracking' successfully

2018-11-16 18:41:29 - [MESSAGE][WARNING] - Timeout '0' is invalid. Using default page load timeout: '7'

2018-11-16 18:41:30 - [MESSAGE][PASSED] - Element 'Object Repository/ShopOpen/Validate_ShopCategoriesListScreen' is exist

2018-11-16 18:41:31 - [MESSAGE][PASSED] - Swiped from 0,293 to 0,200

2018-11-16 18:41:33 - [TEST_CASE][PASSED] - Test Cases/ShopOpen/RTMVisitFrequency/VisitRTMVisitFrequency: Test Cases/ShopOpen/RTMVisitFrequency/VisitRTMVisitFrequency

2018-11-16 18:41:33 - [TEST_STEP][PASSED] - verifyElementText: Actual text and expected text of test object 'Object Repository/ShopOpen/RTMVisitFrequency/Validate_RTMVisitFrequencyScreen' are matched.

2018-11-16 18:41:35 - [MESSAGE][PASSED] - Actual text and expected text of test object 'Object Repository/ShopOpen/RTMVisitFrequency/Validate_RTMVisitFrequencyScreen' are matched.

2018-11-16 18:41:35 - [TEST_STEP][PASSED] - com.ct.qa.keywords.RTMVisitFrequencyKeywords.visitRTMVisitFrequency: com.ct.qa.keywords.RTMVisitFrequencyKeywords.visitRTMVisitFrequency is PASSED

2018-11-16 18:41:36 - [MESSAGE][WARNING] - Timeout '0' is invalid. Using default page load timeout: '7'

2018-11-16 18:41:37 - [MESSAGE][PASSED] - Element 'Object Repository/ShopOpen/RTMVisitFrequency/Validate_RTMVisitFrequencyRemarks' is exist

2018-11-16 18:41:37 - [MESSAGE][WARNING] - Timeout '0' is invalid. Using default page load timeout: '7'

2018-11-16 18:41:38 - [MESSAGE][PASSED] - Tapped on element 'Object Repository/ShopOpen/RTMVisitFrequency/OnceAWeek'

2018-11-16 18:41:39 - [MESSAGE][WARNING] - Timeout '0' is invalid. Using default page load timeout: '7'

2018-11-16 18:41:40 - [MESSAGE][PASSED] - Element 'Object Repository/ShopOpen/RTMVisitFrequency/Validate_RTMVisitFrequencyRemarks' is exist

2018-11-16 18:41:40 - [MESSAGE][WARNING] - Timeout '0' is invalid. Using default page load timeout: '7'

2018-11-16 18:41:41 - [MESSAGE][PASSED] - Tapped on element 'Object Repository/ShopOpen/RTMVisitFrequency/OnceAWeek'

2018-11-16 18:41:42 - [MESSAGE][WARNING] - Timeout '0' is invalid. Using default page load timeout: '7'

2018-11-16 18:41:43 - [MESSAGE][PASSED] - Element 'Object Repository/ShopOpen/RTMVisitFrequency/Validate_RTMVisitFrequencyRemarks' is exist

2018-11-16 18:41:43 - [MESSAGE][WARNING] - Timeout '0' is invalid. Using default page load timeout: '7'

[...]

2018-11-16 18:58:32 - [MESSAGE][PASSED] - Call Test Case 'Test Cases/ShopOpen/CompetitionTracking/VisitCompetitionTracking' successfully

2018-11-16 18:58:33 - [MESSAGE][PASSED] - Swiped from 0,293 to 0,200

2018-11-16 18:58:35 - [MESSAGE][PASSED] - Swiped from 0,293 to 0,200

2018-11-16 18:58:38 - [MESSAGE][PASSED] - Swiped from 0,293 to 0,200

2018-11-16 18:58:40 - [MESSAGE][PASSED] - Swiped from 0,293 to 0,200

2018-11-16 18:58:41 - [MESSAGE][WARNING] - Timeout '0' is invalid. Using default page load timeout: '7'

2018-11-16 18:58:42 - [MESSAGE][PASSED] - Element 'Object Repository/ShopOpen/Validate_ShopCategoriesListScreen' is exist

2018-11-16 18:58:43 - [MESSAGE][PASSED] - Swiped from 0,293 to 0,200

2018-11-16 18:58:45 - [TEST_CASE][PASSED] - Test Cases/ShopOpen/RTMVisitFrequency/VisitRTMVisitFrequency: Test Cases/ShopOpen/RTMVisitFrequency/VisitRTMVisitFrequency

2018-11-16 18:58:45 - [TEST_STEP][PASSED] - verifyElementText: Actual text and expected text of test object 'Object Repository/ShopOpen/RTMVisitFrequency/Validate_RTMVisitFrequencyScreen' are matched.

2018-11-16 18:58:47 - [MESSAGE][PASSED] - Actual text and expected text of test object 'Object Repository/ShopOpen/RTMVisitFrequency/Validate_RTMVisitFrequencyScreen' are matched.

2018-11-16 18:58:47 - [TEST_STEP][PASSED] - com.ct.qa.keywords.RTMVisitFrequencyKeywords.visitRTMVisitFrequency: com.ct.qa.keywords.RTMVisitFrequencyKeywords.visitRTMVisitFrequency is PASSED

2018-11-16 18:58:47 - [MESSAGE][WARNING] - Timeout '0' is invalid. Using default page load timeout: '7'

2018-11-16 18:58:49 - [MESSAGE][PASSED] - Element 'Object Repository/ShopOpen/RTMVisitFrequency/Validate_RTMVisitFrequencyRemarks' is exist

2018-11-16 18:58:49 - [MESSAGE][WARNING] - Timeout '0' is invalid. Using default page load timeout: '7'

2018-11-16 18:58:49 - [MESSAGE][PASSED] - Tapped on element 'Object Repository/ShopOpen/RTMVisitFrequency/OnceAWeek'

2018-11-16 18:58:50 - [MESSAGE][WARNING] - Timeout '0' is invalid. Using default page load timeout: '7'

2018-11-16 18:58:51 - [MESSAGE][PASSED] - Element 'Object Repository/ShopOpen/RTMVisitFrequency/Validate_RTMVisitFrequencyRemarks' is exist

2018-11-16 18:58:51 - [MESSAGE][WARNING] - Timeout '0' is invalid. Using default page load timeout: '7'

2018-11-16 18:58:52 - [MESSAGE][PASSED] - Tapped on element 'Object Repository/ShopOpen/RTMVisitFrequency/OnceAWeek'

2018-11-16 18:58:53 - [MESSAGE][WARNING] - Timeout '0' is invalid. Using default page load timeout: '7'

2018-11-16 18:58:54 - [MESSAGE][PASSED] - Element 'Object Repository/ShopOpen/RTMVisitFrequency/Validate_RTMVisitFrequencyRemarks' is exist

2018-11-16 18:58:54 - [MESSAGE][WARNING] - Timeout '0' is invalid. Using default page load timeout: '7'

2018-11-16 18:58:55 - [MESSAGE][PASSED] - Tapped on element 'Object Repository/ShopOpen/RTMVisitFrequency/OnceAWeek'

2018-11-16 18:58:56 - [MESSAGE][WARNING] - Timeout '0' is invalid. Using default page load timeout: '7'

2018-11-16 18:58:57 - [MESSAGE][PASSED] - Element 'Object Repository/ShopOpen/RTMVisitFrequency/Validate_RTMVisitFrequencyRemarks' is exist

2018-11-16 18:58:57 - [MESSAGE][WARNING] - Timeout '0' is invalid. Using default page load timeout: '7'

2018-11-16 18:58:58 - [MESSAGE][PASSED] - Tapped on element 'Object Repository/ShopOpen/RTMVisitFrequency/OnceAWeek'

2018-11-16 18:58:58 - [MESSAGE][PASSED] - com.ct.qa.keywords.RTMVisitFrequencyKeywords.visitRTMVisitFrequency is PASSED

2018-11-16 18:58:58 - [TEST_STEP][PASSED] - tap: Tapped on element 'Object Repository/ShopOpen/RTMVisitFrequency/BackButton'

2018-11-16 18:58:58 - [MESSAGE][WARNING] - Timeout '0' is invalid. Using default page load timeout: '7'

2018-11-16 18:58:59 - [MESSAGE][PASSED] - Tapped on element 'Object Repository/ShopOpen/RTMVisitFrequency/BackButton'

2018-11-16 18:58:59 - [TEST_STEP][PASSED] - verifyElementExist: Element 'Object Repository/ShopOpen/Validate_ShopCategoriesListScreen' is exist

2018-11-16 18:58:59 - [MESSAGE][WARNING] - Timeout '0' is invalid. Using default page load timeout: '7'

2018-11-16 18:59:01 - [MESSAGE][PASSED] - Element 'Object Repository/ShopOpen/Validate_ShopCategoriesListScreen' is exist

2018-11-16 18:59:01 - [MESSAGE][PASSED] - Call Test Case 'Test Cases/ShopOpen/RTMVisitFrequency/VisitRTMVisitFrequency' successfully

2018-11-16 18:59:01 - [MESSAGE][PASSED] - Swiped from 0,293 to 0,200

2018-11-16 18:59:05 - [MESSAGE][PASSED] - Swiped from 0,293 to 0,200

2018-11-16 18:59:07 - [MESSAGE][PASSED] - Swiped from 0,293 to 0,200

2018-11-16 18:59:09 - [MESSAGE][PASSED] - Swiped from 0,293 to 0,200

2018-11-16 18:59:11 - [MESSAGE][PASSED] - Swiped from 0,293 to 0,200

2018-11-16 18:59:13 - [MESSAGE][WARNING] - Timeout '0' is invalid. Using default page load timeout: '7'

2018-11-16 18:59:13 - [MESSAGE][PASSED] - Element 'Object Repository/ShopOpen/Validate_ShopCategoriesListScreen' is exist

2018-11-16 18:59:14 - [MESSAGE][PASSED] - Swiped from 0,293 to 0,200

2018-11-16 18:59:17 - [TEST_CASE][PASSED] - Test Cases/ShopOpen/HangerAvailability/VisitHangerAvailability: Test Cases/ShopOpen/HangerAvailability/VisitHangerAvailability

2018-11-16 18:59:17 - [TEST_STEP][PASSED] - verifyElementText: Actual text and expected text of test object 'Object Repository/ShopOpen/HangerAvailability/Validate_HangerAvailabilityScreen' are matched.

2018-11-16 18:59:18 - [MESSAGE][PASSED] - Actual text and expected text of test object 'Object Repository/ShopOpen/HangerAvailability/Validate_HangerAvailabilityScreen' are matched.

2018-11-16 18:59:18 - [TEST_STEP][PASSED] - tap: Tapped on element 'Object Repository/ShopOpen/HangerAvailability/HangerAvailability_Yes'

2018-11-16 18:59:18 - [MESSAGE][WARNING] - Timeout '0' is invalid. Using default page load timeout: '7'

2018-11-16 18:59:18 - [MESSAGE][PASSED] - Tapped on element 'Object Repository/ShopOpen/HangerAvailability/HangerAvailability_Yes'

2018-11-16 18:59:18 - [TEST_STEP][PASSED] - tap: Tapped on element 'Object Repository/ShopOpen/HangerAvailability/HangerAvailability_BackButton'

2018-11-16 18:59:18 - [MESSAGE][WARNING] - Timeout '0' is invalid. Using default page load timeout: '7'

2018-11-16 18:59:19 - [MESSAGE][PASSED] - Tapped on element 'Object Repository/ShopOpen/HangerAvailability/HangerAvailability_BackButton'

2018-11-16 18:59:19 - [TEST_STEP][PASSED] - verifyElementExist: Element 'Object Repository/ShopOpen/Validate_ShopCategoriesListScreen' is exist

2018-11-16 18:59:19 - [MESSAGE][WARNING] - Timeout '0' is invalid. Using default page load timeout: '7'

2018-11-16 18:59:21 - [MESSAGE][PASSED] - Element 'Object Repository/ShopOpen/Validate_ShopCategoriesListScreen' is exist

2018-11-16 18:59:21 - [MESSAGE][PASSED] - Call Test Case 'Test Cases/ShopOpen/HangerAvailability/VisitHangerAvailability' successfully

2018-11-16 18:59:21 - [MESSAGE][PASSED] - Swiped from 0,293 to 0,200

2018-11-16 18:59:24 - [MESSAGE][PASSED] - Swiped from 0,293 to 0,200

2018-11-16 18:59:26 - [MESSAGE][PASSED] - Swiped from 0,293 to 0,200

2018-11-16 18:59:29 - [MESSAGE][PASSED] - Swiped from 0,293 to 0,200

2018-11-16 18:59:31 - [MESSAGE][PASSED] - Swiped from 0,293 to 0,200

2018-11-16 18:59:33 - [MESSAGE][PASSED] - Swiped from 0,293 to 0,200

2018-11-16 18:59:35 - [MESSAGE][WARNING] - Timeout '0' is invalid. Using default page load timeout: '7'

2018-11-16 18:59:35 - [MESSAGE][PASSED] - Element 'Object Repository/ShopOpen/Validate_ShopCategoriesListScreen' is exist

2018-11-16 18:59:36 - [MESSAGE][PASSED] - Swiped from 0,293 to 0,200

2018-11-16 18:59:39 - [MESSAGE][PASSED] - Swiped from 0,200 to 0,750

2018-11-16 18:59:39 - [MESSAGE][PASSED] - Swiped from 0,200 to 0,750

2018-11-16 18:59:40 - [MESSAGE][PASSED] - Swiped from 0,293 to 0,200

2018-11-16 18:59:42 - [MESSAGE][PASSED] - Swiped from 0,293 to 0,200

2018-11-16 18:59:45 - [MESSAGE][PASSED] - Swiped from 0,293 to 0,200

2018-11-16 18:59:47 - [MESSAGE][PASSED] - Swiped from 0,293 to 0,200

2018-11-16 18:59:49 - [MESSAGE][PASSED] - Swiped from 0,293 to 0,200

2018-11-16 18:59:51 - [MESSAGE][PASSED] - Swiped from 0,293 to 0,200

2018-11-16 18:59:54 - [MESSAGE][PASSED] - Swiped from 0,293 to 0,200

2018-11-16 18:59:55 - [MESSAGE][WARNING] - Timeout '0' is invalid. Using default page load timeout: '7'

2018-11-16 18:59:56 - [MESSAGE][PASSED] - Element 'Object Repository/ShopOpen/Validate_ShopCategoriesListScreen' is exist

2018-11-16 18:59:57 - [MESSAGE][PASSED] - Swiped from 0,293 to 0,200

2018-11-16 18:59:59 - [TEST_CASE][PASSED] - Test Cases/ShopOpen/RetailerRemarks/VisitRetailerRemarks: Test Cases/ShopOpen/RetailerRemarks/VisitRetailerRemarks

2018-11-16 18:59:59 - [TEST_STEP][PASSED] - verifyElementText: Actual text and expected text of test object 'Object Repository/ShopOpen/RetailerRemarks/Validate_RetailerRemarksScreen' are matched.

2018-11-16 19:00:01 - [MESSAGE][PASSED] - Actual text and expected text of test object 'Object Repository/ShopOpen/RetailerRemarks/Validate_RetailerRemarksScreen' are matched.

2018-11-16 19:00:01 - [TEST_STEP][PASSED] - com.ct.qa.keywords.RetailerRemarksKeywords.visitRetailerRemarks: com.ct.qa.keywords.RetailerRemarksKeywords.visitRetailerRemarks is PASSED

2018-11-16 19:00:02 - [MESSAGE][WARNING] - Timeout '0' is invalid. Using default page load timeout: '7'

2018-11-16 19:00:04 - [MESSAGE][PASSED] - Element 'Object Repository/ShopOpen/RetailerRemarks/OBNotVisiting' is exist

2018-11-16 19:00:04 - [MESSAGE][WARNING] - Timeout '0' is invalid. Using default page load timeout: '7'

2018-11-16 19:00:04 - [MESSAGE][PASSED] - Tapped on element 'Object Repository/ShopOpen/RetailerRemarks/OBNotVisiting'

2018-11-16 19:00:05 - [MESSAGE][PASSED] - Press back button successfully

2018-11-16 19:00:06 - [MESSAGE][PASSED] - Actual text and expected text of test object 'Object Repository/ShopOpen/RetailerRemarks/Validate_RetailerRemarksScreen' are matched.

2018-11-16 19:00:06 - [MESSAGE][WARNING] - Timeout '0' is invalid. Using default page load timeout: '7'

2018-11-16 19:00:08 - [MESSAGE][PASSED] - Element 'Object Repository/ShopOpen/RetailerRemarks/OBNotVisiting' is exist

2018-11-16 19:00:08 - [MESSAGE][WARNING] - Timeout '0' is invalid. Using default page load timeout: '7'

2018-11-16 19:00:08 - [MESSAGE][PASSED] - Tapped on element 'Object Repository/ShopOpen/RetailerRemarks/OBNotVisiting'

2018-11-16 19:00:09 - [MESSAGE][PASSED] - Press back button successfully

2018-11-16 19:00:10 - [MESSAGE][PASSED] - Actual text and expected text of test object 'Object Repository/ShopOpen/RetailerRemarks/Validate_RetailerRemarksScreen' are matched.

2018-11-16 19:00:10 - [MESSAGE][WARNING] - Timeout '0' is invalid. Using default page load timeout: '7'

2018-11-16 19:00:12 - [MESSAGE][PASSED] - Element 'Object Repository/ShopOpen/RetailerRemarks/OBNotVisiting' is exist

2018-11-16 19:00:12 - [MESSAGE][WARNING] - Timeout '0' is invalid. Using default page load timeout: '7'

2018-11-16 19:00:12 - [MESSAGE][PASSED] - Tapped on element 'Object Repository/ShopOpen/RetailerRemarks/OBNotVisiting'

2018-11-16 19:00:13 - [MESSAGE][PASSED] - Press back button successfully

2018-11-16 19:00:14 - [MESSAGE][PASSED] - Actual text and expected text of test object 'Object Repository/ShopOpen/RetailerRemarks/Validate_RetailerRemarksScreen' are matched.

2018-11-16 19:00:14 - [MESSAGE][PASSED] - com.ct.qa.keywords.RetailerRemarksKeywords.visitRetailerRemarks is PASSED

2018-11-16 19:00:14 - [TEST_STEP][PASSED] - tap: Tapped on element 'Object Repository/ShopOpen/RetailerRemarks/BackButton'

2018-11-16 19:00:14 - [MESSAGE][WARNING] - Timeout '0' is invalid. Using default page load timeout: '7'

2018-11-16 19:00:14 - [MESSAGE][PASSED] - Tapped on element 'Object Repository/ShopOpen/RetailerRemarks/BackButton'

2018-11-16 19:00:14 - [TEST_STEP][PASSED] - verifyElementExist: Element 'Object Repository/ShopOpen/Validate_ShopCategoriesListScreen' is exist

2018-11-16 19:00:14 - [MESSAGE][WARNING] - Timeout '0' is invalid. Using default page load timeout: '7'

2018-11-16 19:00:16 - [MESSAGE][PASSED] - Element 'Object Repository/ShopOpen/Validate_ShopCategoriesListScreen' is exist

2018-11-16 19:00:16 - [MESSAGE][PASSED] - Call Test Case 'Test Cases/ShopOpen/RetailerRemarks/VisitRetailerRemarks' successfully

2018-11-16 19:00:16 - [MESSAGE][PASSED] - Swiped from 0,293 to 0,200

2018-11-16 19:00:19 - [MESSAGE][PASSED] - Swiped from 0,293 to 0,200

2018-11-16 19:00:21 - [MESSAGE][PASSED] - Swiped from 0,293 to 0,200

2018-11-16 19:00:23 - [MESSAGE][PASSED] - Swiped from 0,293 to 0,200

2018-11-16 19:00:25 - [MESSAGE][PASSED] - Swiped from 0,293 to 0,200

2018-11-16 19:00:27 - [MESSAGE][PASSED] - Swiped from 0,293 to 0,200

2018-11-16 19:00:29 - [MESSAGE][PASSED] - Swiped from 0,293 to 0,200

2018-11-16 19:00:31 - [MESSAGE][PASSED] - Swiped from 0,293 to 0,200

2018-11-16 19:00:32 - [MESSAGE][WARNING] - Timeout '0' is invalid. Using default page load timeout: '7'

2018-11-16 19:00:33 - [MESSAGE][PASSED] - Element 'Object Repository/ShopOpen/Validate_ShopCategoriesListScreen' is exist

2018-11-16 19:00:34 - [MESSAGE][PASSED] - Swiped from 0,293 to 0,200

2018-11-16 19:00:37 - [TEST_CASE][PASSED] - Test Cases/ShopOpen/AdditionalPicture/VisitAdditionalPicture: Test Cases/ShopOpen/AdditionalPicture/VisitAdditionalPicture

2018-11-16 19:00:37 - [TEST_STEP][PASSED] - verifyElementText: Actual text and expected text of test object 'Object Repository/ShopOpen/AdditionalPicture/Validate_AdditionalPictureScreen' are matched.

2018-11-16 19:00:39 - [MESSAGE][PASSED] - Actual text and expected text of test object 'Object Repository/ShopOpen/AdditionalPicture/Validate_AdditionalPictureScreen' are matched.

2018-11-16 19:00:39 - [TEST_STEP][PASSED] - com.ct.qa.keywords.AdditionalPictureKeywords.takeMendatoryImages: com.ct.qa.keywords.AdditionalPictureKeywords.takeMendatoryImages is PASSED

2018-11-16 19:00:40 - [MESSAGE][WARNING] - Timeout '0' is invalid. Using default page load timeout: '7'

2018-11-16 19:00:43 - [MESSAGE][PASSED] - Element 'Object Repository/CommonScreenElements/Validate_CameraScreen' is exist

2018-11-16 19:00:43 - [MESSAGE][WARNING] - Timeout '0' is invalid. Using default page load timeout: '7'

2018-11-16 19:00:46 - [MESSAGE][PASSED] - Tapped on element 'Object Repository/CommonScreenElements/TakePictureButton'

2018-11-16 19:00:51 - [MESSAGE][PASSED] - Delayed 5 second(s)

2018-11-16 19:00:51 - [MESSAGE][WARNING] - Timeout '0' is invalid. Using default page load timeout: '7'

2018-11-16 19:00:52 - [MESSAGE][PASSED] - Tapped on element 'Object Repository/CommonScreenElements/DoneButton'

2018-11-16 19:00:52 - [MESSAGE][PASSED] - com.ct.qa.keywords.AdditionalPictureKeywords.takeMendatoryImages is PASSED

2018-11-16 19:00:52 - [TEST_STEP][PASSED] - pressBack: Press back button successfully

2018-11-16 19:00:53 - [MESSAGE][PASSED] - Press back button successfully

2018-11-16 19:00:53 - [TEST_STEP][PASSED] - verifyElementExist: Element 'Object Repository/ShopOpen/Validate_ShopCategoriesListScreen' is exist

2018-11-16 19:00:53 - [MESSAGE][WARNING] - Timeout '0' is invalid. Using default page load timeout: '7'

2018-11-16 19:00:55 - [MESSAGE][PASSED] - Element 'Object Repository/ShopOpen/Validate_ShopCategoriesListScreen' is exist

2018-11-16 19:00:55 - [MESSAGE][PASSED] - Call Test Case 'Test Cases/ShopOpen/AdditionalPicture/VisitAdditionalPicture' successfully

2018-11-16 19:00:55 - [MESSAGE][PASSED] - Swiped from 0,293 to 0,200

2018-11-16 19:00:58 - [MESSAGE][PASSED] - Swiped from 0,293 to 0,200

2018-11-16 19:01:00 - [MESSAGE][PASSED] - Swiped from 0,293 to 0,200

2018-11-16 19:01:02 - [MESSAGE][PASSED] - Swiped from 0,293 to 0,200

2018-11-16 19:01:04 - [MESSAGE][PASSED] - Swiped from 0,293 to 0,200

2018-11-16 19:01:07 - [MESSAGE][PASSED] - Swiped from 0,293 to 0,200

2018-11-16 19:01:09 - [MESSAGE][PASSED] - Swiped from 0,293 to 0,200

2018-11-16 19:01:11 - [MESSAGE][PASSED] - Swiped from 0,293 to 0,200

2018-11-16 19:01:13 - [MESSAGE][PASSED] - Swiped from 0,293 to 0,200

2018-11-16 19:01:14 - [MESSAGE][WARNING] - Timeout '0' is invalid. Using default page load timeout: '7'

2018-11-16 19:01:15 - [MESSAGE][PASSED] - Element 'Object Repository/ShopOpen/Validate_ShopCategoriesListScreen' is exist

2018-11-16 19:01:16 - [MESSAGE][PASSED] - Swiped from 0,293 to 0,200

2018-11-16 19:01:18 - [MESSAGE][PASSED] - Swiped from 0,200 to 0,750

2018-11-16 19:01:19 - [MESSAGE][PASSED] - Swiped from 0,200 to 0,750

2018-11-16 19:01:20 - [MESSAGE][PASSED] - Swiped from 0,293 to 0,200

2018-11-16 19:01:22 - [MESSAGE][PASSED] - Swiped from 0,293 to 0,200

2018-11-16 19:01:24 - [MESSAGE][PASSED] - Swiped from 0,293 to 0,200

2018-11-16 19:01:26 - [MESSAGE][PASSED] - Swiped from 0,293 to 0,200

2018-11-16 19:01:28 - [MESSAGE][PASSED] - Swiped from 0,293 to 0,200

2018-11-16 19:01:30 - [MESSAGE][PASSED] - Swiped from 0,293 to 0,200

2018-11-16 19:01:32 - [MESSAGE][PASSED] - Swiped from 0,293 to 0,200

2018-11-16 19:01:35 - [MESSAGE][PASSED] - Swiped from 0,293 to 0,200

2018-11-16 19:01:37 - [MESSAGE][PASSED] - Swiped from 0,293 to 0,200

2018-11-16 19:01:39 - [MESSAGE][PASSED] - Swiped from 0,293 to 0,200

2018-11-16 19:01:41 - [MESSAGE][WARNING] - Timeout '0' is invalid. Using default page load timeout: '7'

2018-11-16 19:01:41 - [MESSAGE][PASSED] - Element 'Object Repository/ShopOpen/Validate_ShopCategoriesListScreen' is exist

2018-11-16 19:01:42 - [MESSAGE][PASSED] - Swiped from 0,293 to 0,200

2018-11-16 19:01:44 - [MESSAGE][PASSED] - com.ct.qa.keywords.CategoryVisitingScenariosKeywords.visitShopCategoriesWithDataVerification is PASSED

2018-11-16 19:01:44 - [MESSAGE][PASSED] - Call Test Case 'Test Cases/ShopOpen/VisitCategoryScenarios/VisitShopCategoriesWithDataVerification' successfully

2018-11-16 19:01:44 - [TEST_CASE][PASSED] - Test Cases/ShopOpen/SaveShop: Test Cases/ShopOpen/SaveShop

2018-11-16 19:01:44 - [TEST_STEP][PASSED] - tap: Tapped on element 'Object Repository/ShopOpen/SubmitButtonToSaveShop'

2018-11-16 19:01:44 - [MESSAGE][WARNING] - Timeout '0' is invalid. Using default page load timeout: '7'

2018-11-16 19:01:44 - [MESSAGE][PASSED] - Tapped on element 'Object Repository/ShopOpen/SubmitButtonToSaveShop'

2018-11-16 19:01:44 - [TEST_STEP][PASSED] - verifyElementExist: Element 'Object Repository/CommonScreenElements/Validate_InfoPopUP' is exist

2018-11-16 19:01:44 - [MESSAGE][WARNING] - Timeout '0' is invalid. Using default page load timeout: '7'

2018-11-16 19:01:45 - [MESSAGE][PASSED] - Element 'Object Repository/CommonScreenElements/Validate_InfoPopUP' is exist

2018-11-16 19:01:45 - [TEST_STEP][PASSED] - tap: Tapped on element 'Object Repository/CommonScreenElements/InfoPopUp_YesButton'

2018-11-16 19:01:45 - [MESSAGE][WARNING] - Timeout '0' is invalid. Using default page load timeout: '7'

2018-11-16 19:01:46 - [MESSAGE][PASSED] - Tapped on element 'Object Repository/CommonScreenElements/InfoPopUp_YesButton'

2018-11-16 19:01:46 - [TEST_STEP][PASSED] - verifyElementText: Actual text and expected text of test object 'Object Repository/Validate_ShopListScreen' are matched.

2018-11-16 19:01:47 - [MESSAGE][PASSED] - Actual text and expected text of test object 'Object Repository/Validate_ShopListScreen' are matched.

2018-11-16 19:01:47 - [MESSAGE][PASSED] - Call Test Case 'Test Cases/ShopOpen/SaveShop' successfully

2018-11-16 19:01:47 - [MESSAGE][WARNING] - Timeout '0' is invalid. Using default page load timeout: '7'

2018-11-16 19:01:47 - [MESSAGE][PASSED] - Element 'Object Repository/Validate_ShopListScreen' is exist

2018-11-16 19:01:47 - [MESSAGE][PASSED] - com.ct.qa.keywords.ShopVisitingScenariosKeywords.visitShopWith_DataVerification is PASSED]]></system-out>
         <system-err><![CDATA[]]></system-err>
      </testcase>
      <system-out><![CDATA[2018-11-16 18:32:12 - [TEST_SUITE][PASSED] - MMA Merchandising With Channel Wise Data Verification: Test Cases/VisitShopScenarios/VisitShopsWithDataVerification]]></system-out>
      <system-err><![CDATA[]]></system-err>
   </testsuite>
</testsuites>
